[0.497s] Invoking command in '/home/ubuntu/chapt3/topic_practice_ws/src/status_publisher': AMENT_PREFIX_PATH=/home/ubuntu/chapt3/topic_practice_ws/install/status_interface:${AMENT_PREFIX_PATH} CMAKE_PREFIX_PATH=/home/ubuntu/chapt3/topic_practice_ws/install/status_interface:${CMAKE_PREFIX_PATH} DEBUGINFOD_URLS=https://debuginfod.ubuntu.com LD_LIBRARY_PATH=/home/ubuntu/chapt3/topic_practice_ws/install/status_interface/lib:${LD_LIBRARY_PATH} PYTHONPATH=/home/ubuntu/chapt3/topic_practice_ws/build/status_publisher/prefix_override:/usr/lib/python3/dist-packages/colcon_core/task/python/colcon_distutils_commands:/home/ubuntu/chapt3/topic_practice_ws/install/status_publisher/lib/python3.12/site-packages:/home/ubuntu/chapt3/topic_practice_ws/install/status_interface/lib/python3.12/site-packages:${PYTHONPATH} /usr/bin/python3 -W ignore:setup.py install is deprecated -W ignore:easy_install command is deprecated setup.py egg_info --egg-base ../../build/status_publisher build --build-base /home/ubuntu/chapt3/topic_practice_ws/build/status_publisher/build install --record /home/ubuntu/chapt3/topic_practice_ws/build/status_publisher/install.log --single-version-externally-managed install_data
[0.655s] running egg_info
[0.663s] writing ../../build/status_publisher/status_publisher.egg-info/PKG-INFO
[0.663s] writing dependency_links to ../../build/status_publisher/status_publisher.egg-info/dependency_links.txt
[0.663s] writing entry points to ../../build/status_publisher/status_publisher.egg-info/entry_points.txt
[0.663s] writing requirements to ../../build/status_publisher/status_publisher.egg-info/requires.txt
[0.664s] writing top-level names to ../../build/status_publisher/status_publisher.egg-info/top_level.txt
[0.682s] reading manifest file '../../build/status_publisher/status_publisher.egg-info/SOURCES.txt'
[0.682s] adding license file 'LICENSE'
[0.682s] writing manifest file '../../build/status_publisher/status_publisher.egg-info/SOURCES.txt'
[0.682s] running build
[0.682s] running build_py
[0.682s] copying status_publisher/system_status_pub.py -> /home/ubuntu/chapt3/topic_practice_ws/build/status_publisher/build/lib/status_publisher
[0.683s] running install
[0.687s] running install_lib
[0.695s] copying /home/ubuntu/chapt3/topic_practice_ws/build/status_publisher/build/lib/status_publisher/system_status_pub.py -> /home/ubuntu/chapt3/topic_practice_ws/install/status_publisher/lib/python3.12/site-packages/status_publisher
[0.696s] byte-compiling /home/ubuntu/chapt3/topic_practice_ws/install/status_publisher/lib/python3.12/site-packages/status_publisher/system_status_pub.py to system_status_pub.cpython-312.pyc
[0.696s] running install_data
[0.696s] running install_egg_info
[0.706s] removing '/home/ubuntu/chapt3/topic_practice_ws/install/status_publisher/lib/python3.12/site-packages/status_publisher-0.0.0-py3.12.egg-info' (and everything under it)
[0.706s] Copying ../../build/status_publisher/status_publisher.egg-info to /home/ubuntu/chapt3/topic_practice_ws/install/status_publisher/lib/python3.12/site-packages/status_publisher-0.0.0-py3.12.egg-info
[0.707s] running install_scripts
[0.780s] Installing status_pub_node script to /home/ubuntu/chapt3/topic_practice_ws/install/status_publisher/lib/status_publisher
[0.783s] writing list of installed files to '/home/ubuntu/chapt3/topic_practice_ws/build/status_publisher/install.log'
[0.806s] Invoked command in '/home/ubuntu/chapt3/topic_practice_ws/src/status_publisher' returned '0': AMENT_PREFIX_PATH=/home/ubuntu/chapt3/topic_practice_ws/install/status_interface:${AMENT_PREFIX_PATH} CMAKE_PREFIX_PATH=/home/ubuntu/chapt3/topic_practice_ws/install/status_interface:${CMAKE_PREFIX_PATH} DEBUGINFOD_URLS=https://debuginfod.ubuntu.com LD_LIBRARY_PATH=/home/ubuntu/chapt3/topic_practice_ws/install/status_interface/lib:${LD_LIBRARY_PATH} PYTHONPATH=/home/ubuntu/chapt3/topic_practice_ws/build/status_publisher/prefix_override:/usr/lib/python3/dist-packages/colcon_core/task/python/colcon_distutils_commands:/home/ubuntu/chapt3/topic_practice_ws/install/status_publisher/lib/python3.12/site-packages:/home/ubuntu/chapt3/topic_practice_ws/install/status_interface/lib/python3.12/site-packages:${PYTHONPATH} /usr/bin/python3 -W ignore:setup.py install is deprecated -W ignore:easy_install command is deprecated setup.py egg_info --egg-base ../../build/status_publisher build --build-base /home/ubuntu/chapt3/topic_practice_ws/build/status_publisher/build install --record /home/ubuntu/chapt3/topic_practice_ws/build/status_publisher/install.log --single-version-externally-managed install_data
