-- Found ament_cmake: 2.5.4 (/opt/ros/jazzy/share/ament_cmake/cmake)
-- Found rclcpp: 28.1.12 (/opt/ros/jazzy/share/rclcpp/cmake)
-- Found rosidl_generator_c: 4.6.6 (/opt/ros/jazzy/share/rosidl_generator_c/cmake)
-- Found rosidl_generator_cpp: 4.6.6 (/opt/ros/jazzy/share/rosidl_generator_cpp/cmake)
-- Using all available rosidl_typesupport_c: rosidl_typesupport_fastrtps_c;rosidl_typesupport_introspection_c
-- Using all available rosidl_typesupport_cpp: rosidl_typesupport_fastrtps_cpp;rosidl_typesupport_introspection_cpp
-- Found rmw_implementation_cmake: 7.3.2 (/opt/ros/jazzy/share/rmw_implementation_cmake/cmake)
-- Found rmw_fastrtps_cpp: 8.4.3 (/opt/ros/jazzy/share/rmw_fastrtps_cpp/cmake)
-- Using RMW implementation 'rmw_fastrtps_cpp' as default
-- Found geometry_msgs: 5.3.6 (/opt/ros/jazzy/share/geometry_msgs/cmake)
-- Found turtlesim: 1.8.3 (/opt/ros/jazzy/share/turtlesim/cmake)
-- Found ament_lint_auto: 0.17.3 (/opt/ros/jazzy/share/ament_lint_auto/cmake)
-- Added test 'cppcheck' to perform static code analysis on C / C++ code
-- Configured cppcheck include dirs: 
-- Configured cppcheck exclude dirs and/or files: 
-- Added test 'lint_cmake' to check CMake code style
-- Added test 'uncrustify' to check C / C++ code style
-- Configured uncrustify additional arguments: 
-- Added test 'xmllint' to check XML markup files
-- Configuring done (0.4s)
-- Generating done (0.0s)
-- Build files have been written to: /home/ubuntu/chapt3/topic_ws/build/demo_cpp_topic
[ 50%] [32mBuilding CXX object CMakeFiles/turtle_cricle.dir/src/turtle_circle.cpp.o[0m
[01m[K/home/ubuntu/chapt3/topic_ws/src/demo_cpp_topic/src/turtle_circle.cpp:[m[K In constructor ‘[01m[KTurtleCircle::[01;32m[KTurtleCircle[m[K(const std::string&)[m[K’:
[01m[K/home/ubuntu/chapt3/topic_ws/src/demo_cpp_topic/src/turtle_circle.cpp:18:72:[m[K [01;31m[Kerror: [m[Kinvalid use of non-static member function ‘[01m[Kvoid TurtleCircle::[01;32m[Ktimer_callback[m[K()[m[K’
   18 |         timer = this->create_wall_timer(1000ms,std::bind([01;31m[KTurtleCircle::timer_callback[m[K,this));
      |                                                          [01;31m[K~~~~~~~~~~~~~~^~~~~~~~~~~~~~[m[K
[01m[K/home/ubuntu/chapt3/topic_ws/src/demo_cpp_topic/src/turtle_circle.cpp:21:10:[m[K [01;36m[Knote: [m[Kdeclared here
   21 |     void [01;36m[Ktimer_callback[m[K()
      |          [01;36m[K^~~~~~~~~~~~~~[m[K
gmake[2]: *** [CMakeFiles/turtle_cricle.dir/build.make:76：CMakeFiles/turtle_cricle.dir/src/turtle_circle.cpp.o] 错误 1
gmake[1]: *** [CMakeFiles/Makefile2:137：CMakeFiles/turtle_cricle.dir/all] 错误 2
gmake: *** [Makefile:146：all] 错误 2
