[0.006s] Invoking command in '/home/ubuntu/chapt3/topic_practice_ws/build/status_interface': CMAKE_PREFIX_PATH=${CMAKE_PREFIX_PATH}:/opt/ros/jazzy DEBUGINFOD_URLS=https://debuginfod.ubuntu.com /usr/bin/cmake /home/ubuntu/chapt3/topic_practice_ws/src/status_interface -DCMAKE_INSTALL_PREFIX=/home/ubuntu/chapt3/topic_practice_ws/install/status_interface
[0.018s] -- Found ament_cmake: 2.5.4 (/opt/ros/jazzy/share/ament_cmake/cmake)
[0.159s] -- Found builtin_interfaces: 2.0.3 (/opt/ros/jazzy/share/builtin_interfaces/cmake)
[0.172s] -- Found rosidl_generator_c: 4.6.6 (/opt/ros/jazzy/share/rosidl_generator_c/cmake)
[0.177s] -- Found rosidl_generator_cpp: 4.6.6 (/opt/ros/jazzy/share/rosidl_generator_cpp/cmake)
[0.183s] -- Using all available rosidl_typesupport_c: rosidl_typesupport_fastrtps_c;rosidl_typesupport_introspection_c
[0.191s] -- Using all available rosidl_typesupport_cpp: rosidl_typesupport_fastrtps_cpp;rosidl_typesupport_introspection_cpp
[0.197s] -- Found rosidl_default_generators: 1.6.0 (/opt/ros/jazzy/share/rosidl_default_generators/cmake)
[0.201s] -- Found rosidl_adapter: 4.6.6 (/opt/ros/jazzy/share/rosidl_adapter/cmake)
[0.379s] [31mCMake Error at /opt/ros/jazzy/share/rosidl_adapter/cmake/rosidl_adapt_interfaces.cmake:57 (message):
[0.379s]   execute_process(/usr/bin/python3 -m rosidl_adapter --package-name
[0.379s]   status_interface --arguments-file
[0.380s]   /home/ubuntu/chapt3/topic_practice_ws/build/status_interface/rosidl_adapter__arguments__status_interface.json
[0.380s]   --output-dir
[0.380s]   /home/ubuntu/chapt3/topic_practice_ws/build/status_interface/rosidl_adapter/status_interface
[0.380s]   --output-file
[0.380s]   /home/ubuntu/chapt3/topic_practice_ws/build/status_interface/rosidl_adapter/status_interface.idls)
[0.380s]   returned error code 1:
[0.380s] 
[0.380s]   Error with: status_interface SystemStatus builtin_interfaces/Time
[0.380s] 
[0.380s]   Traceback (most recent call last):
[0.380s] 
[0.380s]     File "<frozen runpy>", line 198, in _run_module_as_main
[0.380s]     File "<frozen runpy>", line 88, in _run_code
[0.380s]     File "/opt/ros/jazzy/lib/python3.12/site-packages/rosidl_adapter/__main__.py", line 19, in <module>
[0.381s]       sys.exit(main())
[0.381s]                ^^^^^^
[0.381s]     File "/opt/ros/jazzy/lib/python3.12/site-packages/rosidl_adapter/main.py", line 53, in main
[0.381s]       abs_idl_file = convert_to_idl(
[0.381s]                      ^^^^^^^^^^^^^^^
[0.381s]     File "/opt/ros/jazzy/lib/python3.12/site-packages/rosidl_adapter/__init__.py", line 19, in convert_to_idl
[0.381s]       return convert_msg_to_idl(
[0.381s]              ^^^^^^^^^^^^^^^^^^^
[0.381s]     File "/opt/ros/jazzy/lib/python3.12/site-packages/rosidl_adapter/msg/__init__.py", line 28, in convert_msg_to_idl
[0.381s]       msg = parse_message_string(package_name, input_file.stem, content)
[0.381s]             ^^^^^^^^^^^^^^^^^^^^^^^^^^^^^^^^^^^^^^^^^^^^^^^^^^^^^^^^^^^^
[0.381s]     File "/opt/ros/jazzy/lib/python3.12/site-packages/rosidl_adapter/parser.py", line 511, in parse_message_string
[0.381s]       raise InvalidFieldDefinition(line)
[0.381s] 
[0.381s]   rosidl_adapter.parser.InvalidFieldDefinition: builtin_interfaces/Time
[0.382s] 
[0.382s] Call Stack (most recent call first):
[0.382s]   /opt/ros/jazzy/share/rosidl_cmake/cmake/rosidl_generate_interfaces.cmake:132 (rosidl_adapt_interfaces)
[0.382s]   CMakeLists.txt:13 (rosidl_generate_interfaces)
[0.382s] 
[0.382s] [0m
[0.382s] -- Configuring incomplete, errors occurred!
[0.384s] Invoked command in '/home/ubuntu/chapt3/topic_practice_ws/build/status_interface' returned '1': CMAKE_PREFIX_PATH=${CMAKE_PREFIX_PATH}:/opt/ros/jazzy DEBUGINFOD_URLS=https://debuginfod.ubuntu.com /usr/bin/cmake /home/ubuntu/chapt3/topic_practice_ws/src/status_interface -DCMAKE_INSTALL_PREFIX=/home/ubuntu/chapt3/topic_practice_ws/install/status_interface
