[0.007s] Invoking command in '/home/ubuntu/chapt3/topic_practice_ws/build/status_interface': CMAKE_PREFIX_PATH=${CMAKE_PREFIX_PATH}:/opt/ros/jazzy DEBUGINFOD_URLS=https://debuginfod.ubuntu.com /usr/bin/cmake /home/ubuntu/chapt3/topic_practice_ws/src/status_interface -DCMAKE_INSTALL_PREFIX=/home/ubuntu/chapt3/topic_practice_ws/install/status_interface
[0.018s] -- Found ament_cmake: 2.5.4 (/opt/ros/jazzy/share/ament_cmake/cmake)
[0.160s] -- Found builtin_interfaces: 2.0.3 (/opt/ros/jazzy/share/builtin_interfaces/cmake)
[0.173s] -- Found rosidl_generator_c: 4.6.6 (/opt/ros/jazzy/share/rosidl_generator_c/cmake)
[0.178s] -- Found rosidl_generator_cpp: 4.6.6 (/opt/ros/jazzy/share/rosidl_generator_cpp/cmake)
[0.184s] -- Using all available rosidl_typesupport_c: rosidl_typesupport_fastrtps_c;rosidl_typesupport_introspection_c
[0.192s] -- Using all available rosidl_typesupport_cpp: rosidl_typesupport_fastrtps_cpp;rosidl_typesupport_introspection_cpp
[0.198s] -- Found rosidl_default_generators: 1.6.0 (/opt/ros/jazzy/share/rosidl_default_generators/cmake)
[0.202s] -- Found rosidl_adapter: 4.6.6 (/opt/ros/jazzy/share/rosidl_adapter/cmake)
[0.595s] -- Found ament_cmake_ros: 0.12.0 (/opt/ros/jazzy/share/ament_cmake_ros/cmake)
[1.081s] -- Using all available rosidl_typesupport_c: rosidl_typesupport_fastrtps_c;rosidl_typesupport_introspection_c
[1.281s] -- Using all available rosidl_typesupport_cpp: rosidl_typesupport_fastrtps_cpp;rosidl_typesupport_introspection_cpp
[1.284s] -- Found python_cmake_module: 0.11.1 (/opt/ros/jazzy/share/python_cmake_module/cmake)
[1.379s] -- Found PythonExtra: /usr/bin/python3  
[1.692s] -- Found Python3: /usr/bin/python3 (found version "3.12.3") found components: Interpreter Development NumPy Development.Module Development.Embed 
[1.720s] -- Found ament_lint_auto: 0.17.3 (/opt/ros/jazzy/share/ament_lint_auto/cmake)
[1.742s] -- Added test 'lint_cmake' to check CMake code style
[1.743s] -- Added test 'xmllint' to check XML markup files
[1.745s] -- Configuring done (1.7s)
[1.762s] -- Generating done (0.0s)
[1.768s] -- Build files have been written to: /home/ubuntu/chapt3/topic_practice_ws/build/status_interface
[1.772s] Invoked command in '/home/ubuntu/chapt3/topic_practice_ws/build/status_interface' returned '0': CMAKE_PREFIX_PATH=${CMAKE_PREFIX_PATH}:/opt/ros/jazzy DEBUGINFOD_URLS=https://debuginfod.ubuntu.com /usr/bin/cmake /home/ubuntu/chapt3/topic_practice_ws/src/status_interface -DCMAKE_INSTALL_PREFIX=/home/ubuntu/chapt3/topic_practice_ws/install/status_interface
[1.773s] Invoking command in '/home/ubuntu/chapt3/topic_practice_ws/build/status_interface': CMAKE_PREFIX_PATH=${CMAKE_PREFIX_PATH}:/opt/ros/jazzy DEBUGINFOD_URLS=https://debuginfod.ubuntu.com /usr/bin/cmake --build /home/ubuntu/chapt3/topic_practice_ws/build/status_interface -- -j16 -l16
[1.812s] [  2%] [34m[1mGenerating type hashes for ROS interfaces[0m
[1.821s] [  2%] Built target ament_cmake_python_copy_status_interface
[1.935s] [  2%] Built target status_interface__rosidl_generator_type_description
[1.941s] running egg_info
[1.941s] creating status_interface.egg-info
[1.944s] [  5%] [34m[1mGenerating C code for ROS interfaces[0m
[1.950s] writing status_interface.egg-info/PKG-INFO
[1.950s] writing dependency_links to status_interface.egg-info/dependency_links.txt
[1.950s] writing top-level names to status_interface.egg-info/top_level.txt
[1.950s] writing manifest file 'status_interface.egg-info/SOURCES.txt'
[1.951s] [  8%] [34m[1mGenerating C++ code for ROS interfaces[0m
[1.976s] reading manifest file 'status_interface.egg-info/SOURCES.txt'
[1.976s] writing manifest file 'status_interface.egg-info/SOURCES.txt'
[1.994s] [  8%] Built target ament_cmake_python_build_status_interface_egg
[2.103s] [  8%] Built target status_interface__cpp
[2.104s] [ 11%] [32mBuilding C object CMakeFiles/status_interface__rosidl_generator_c.dir/rosidl_generator_c/status_interface/msg/detail/system_status__functions.c.o[0m
[2.105s] [ 14%] [32mBuilding C object CMakeFiles/status_interface__rosidl_generator_c.dir/rosidl_generator_c/status_interface/msg/detail/system_status__type_support.c.o[0m
[2.106s] [ 17%] [32mBuilding C object CMakeFiles/status_interface__rosidl_generator_c.dir/rosidl_generator_c/status_interface/msg/detail/system_status__description.c.o[0m
[2.144s] [ 20%] [32m[1mLinking C shared library libstatus_interface__rosidl_generator_c.so[0m
[2.172s] [ 20%] Built target status_interface__rosidl_generator_c
[2.179s] [ 29%] [34m[1mGenerating C introspection for ROS interfaces[0m
[2.179s] [ 29%] [34m[1mGenerating C++ type support for eProsima Fast-RTPS[0m
[2.179s] [ 29%] [34m[1mGenerating C++ type support dispatch for ROS interfaces[0m
[2.180s] [ 32%] [34m[1mGenerating C type support dispatch for ROS interfaces[0m
[2.180s] [ 35%] [34m[1mGenerating C++ introspection for ROS interfaces[0m
[2.180s] [ 38%] [34m[1mGenerating C type support for eProsima Fast-RTPS[0m
[2.324s] [ 41%] [32mBuilding C object CMakeFiles/status_interface__rosidl_typesupport_introspection_c.dir/rosidl_typesupport_introspection_c/status_interface/msg/detail/system_status__type_support.c.o[0m
[2.324s] [ 44%] [32mBuilding CXX object CMakeFiles/status_interface__rosidl_typesupport_introspection_cpp.dir/rosidl_typesupport_introspection_cpp/status_interface/msg/detail/system_status__type_support.cpp.o[0m
[2.354s] [ 47%] [32m[1mLinking C shared library libstatus_interface__rosidl_typesupport_introspection_c.so[0m
[2.360s] [ 50%] [32mBuilding CXX object CMakeFiles/status_interface__rosidl_typesupport_fastrtps_c.dir/rosidl_typesupport_fastrtps_c/status_interface/msg/detail/system_status__type_support_c.cpp.o[0m
[2.360s] [ 52%] [32mBuilding CXX object CMakeFiles/status_interface__rosidl_typesupport_fastrtps_cpp.dir/rosidl_typesupport_fastrtps_cpp/status_interface/msg/detail/dds_fastrtps/system_status__type_support.cpp.o[0m
[2.375s] [ 55%] [32mBuilding CXX object CMakeFiles/status_interface__rosidl_typesupport_cpp.dir/rosidl_typesupport_cpp/status_interface/msg/system_status__type_support.cpp.o[0m
[2.375s] [ 55%] Built target status_interface__rosidl_typesupport_introspection_c
[2.400s] [ 58%] [32mBuilding CXX object CMakeFiles/status_interface__rosidl_typesupport_c.dir/rosidl_typesupport_c/status_interface/msg/system_status__type_support.cpp.o[0m
[2.433s] [ 61%] [32m[1mLinking CXX shared library libstatus_interface__rosidl_typesupport_c.so[0m
[2.464s] [ 61%] Built target status_interface__rosidl_typesupport_c
[2.509s] [ 64%] [32m[1mLinking CXX shared library libstatus_interface__rosidl_typesupport_introspection_cpp.so[0m
[2.555s] [ 64%] Built target status_interface__rosidl_typesupport_introspection_cpp
[2.576s] [ 67%] [32m[1mLinking CXX shared library libstatus_interface__rosidl_typesupport_cpp.so[0m
[2.607s] [ 67%] Built target status_interface__rosidl_typesupport_cpp
[2.638s] [ 70%] [32m[1mLinking CXX shared library libstatus_interface__rosidl_typesupport_fastrtps_c.so[0m
[2.684s] [ 70%] Built target status_interface__rosidl_typesupport_fastrtps_c
[2.684s] [ 73%] [32m[1mLinking CXX shared library libstatus_interface__rosidl_typesupport_fastrtps_cpp.so[0m
[2.735s] [ 73%] Built target status_interface__rosidl_typesupport_fastrtps_cpp
[2.752s] [ 73%] Built target status_interface
[2.767s] [ 76%] [34m[1mGenerating Python code for ROS interfaces[0m
[2.934s] [ 76%] Built target status_interface__py
[2.950s] [ 79%] [32mBuilding C object CMakeFiles/status_interface__rosidl_generator_py.dir/rosidl_generator_py/status_interface/msg/_system_status_s.c.o[0m
[3.030s] [ 82%] [32m[1mLinking C shared library libstatus_interface__rosidl_generator_py.so[0m
[3.065s] [ 82%] Built target status_interface__rosidl_generator_py
[3.079s] [ 85%] [32mBuilding C object CMakeFiles/status_interface_s__rosidl_typesupport_introspection_c.dir/rosidl_generator_py/status_interface/_status_interface_s.ep.rosidl_typesupport_introspection_c.c.o[0m
[3.079s] [ 88%] [32mBuilding C object CMakeFiles/status_interface_s__rosidl_typesupport_fastrtps_c.dir/rosidl_generator_py/status_interface/_status_interface_s.ep.rosidl_typesupport_fastrtps_c.c.o[0m
[3.080s] [ 91%] [32mBuilding C object CMakeFiles/status_interface_s__rosidl_typesupport_c.dir/rosidl_generator_py/status_interface/_status_interface_s.ep.rosidl_typesupport_c.c.o[0m
[3.139s] [ 94%] [32m[1mLinking C shared module rosidl_generator_py/status_interface/status_interface_s__rosidl_typesupport_introspection_c.so[0m
[3.139s] [ 97%] [32m[1mLinking C shared module rosidl_generator_py/status_interface/status_interface_s__rosidl_typesupport_fastrtps_c.so[0m
[3.140s] [100%] [32m[1mLinking C shared module rosidl_generator_py/status_interface/status_interface_s__rosidl_typesupport_c.so[0m
[3.161s] [100%] Built target status_interface_s__rosidl_typesupport_fastrtps_c
[3.162s] [100%] Built target status_interface_s__rosidl_typesupport_c
[3.162s] [100%] Built target status_interface_s__rosidl_typesupport_introspection_c
[3.168s] Invoked command in '/home/ubuntu/chapt3/topic_practice_ws/build/status_interface' returned '0': CMAKE_PREFIX_PATH=${CMAKE_PREFIX_PATH}:/opt/ros/jazzy DEBUGINFOD_URLS=https://debuginfod.ubuntu.com /usr/bin/cmake --build /home/ubuntu/chapt3/topic_practice_ws/build/status_interface -- -j16 -l16
[3.174s] Invoking command in '/home/ubuntu/chapt3/topic_practice_ws/build/status_interface': CMAKE_PREFIX_PATH=${CMAKE_PREFIX_PATH}:/opt/ros/jazzy DEBUGINFOD_URLS=https://debuginfod.ubuntu.com /usr/bin/cmake --install /home/ubuntu/chapt3/topic_practice_ws/build/status_interface
[3.179s] -- Install configuration: ""
[3.179s] -- Installing: /home/ubuntu/chapt3/topic_practice_ws/install/status_interface/share/ament_index/resource_index/rosidl_interfaces/status_interface
[3.179s] -- Installing: /home/ubuntu/chapt3/topic_practice_ws/install/status_interface/share/status_interface/msg/SystemStatus.json
[3.179s] -- Installing: /home/ubuntu/chapt3/topic_practice_ws/install/status_interface/include/status_interface/status_interface
[3.179s] -- Installing: /home/ubuntu/chapt3/topic_practice_ws/install/status_interface/include/status_interface/status_interface/msg
[3.179s] -- Installing: /home/ubuntu/chapt3/topic_practice_ws/install/status_interface/include/status_interface/status_interface/msg/detail
[3.179s] -- Installing: /home/ubuntu/chapt3/topic_practice_ws/install/status_interface/include/status_interface/status_interface/msg/detail/system_status__functions.h
[3.179s] -- Installing: /home/ubuntu/chapt3/topic_practice_ws/install/status_interface/include/status_interface/status_interface/msg/detail/system_status__type_support.c
[3.179s] -- Installing: /home/ubuntu/chapt3/topic_practice_ws/install/status_interface/include/status_interface/status_interface/msg/detail/system_status__description.c
[3.179s] -- Installing: /home/ubuntu/chapt3/topic_practice_ws/install/status_interface/include/status_interface/status_interface/msg/detail/system_status__struct.h
[3.179s] -- Installing: /home/ubuntu/chapt3/topic_practice_ws/install/status_interface/include/status_interface/status_interface/msg/detail/system_status__functions.c
[3.180s] -- Installing: /home/ubuntu/chapt3/topic_practice_ws/install/status_interface/include/status_interface/status_interface/msg/detail/system_status__type_support.h
[3.180s] -- Installing: /home/ubuntu/chapt3/topic_practice_ws/install/status_interface/include/status_interface/status_interface/msg/rosidl_generator_c__visibility_control.h
[3.180s] -- Installing: /home/ubuntu/chapt3/topic_practice_ws/install/status_interface/include/status_interface/status_interface/msg/system_status.h
[3.180s] -- Installing: /home/ubuntu/chapt3/topic_practice_ws/install/status_interface/share/status_interface/environment/library_path.sh
[3.180s] -- Installing: /home/ubuntu/chapt3/topic_practice_ws/install/status_interface/share/status_interface/environment/library_path.dsv
[3.180s] -- Installing: /home/ubuntu/chapt3/topic_practice_ws/install/status_interface/lib/libstatus_interface__rosidl_generator_c.so
[3.180s] -- Set non-toolchain portion of runtime path of "/home/ubuntu/chapt3/topic_practice_ws/install/status_interface/lib/libstatus_interface__rosidl_generator_c.so" to ""
[3.180s] -- Up-to-date: /home/ubuntu/chapt3/topic_practice_ws/install/status_interface/include/status_interface/status_interface
[3.180s] -- Up-to-date: /home/ubuntu/chapt3/topic_practice_ws/install/status_interface/include/status_interface/status_interface/msg
[3.180s] -- Up-to-date: /home/ubuntu/chapt3/topic_practice_ws/install/status_interface/include/status_interface/status_interface/msg/detail
[3.180s] -- Installing: /home/ubuntu/chapt3/topic_practice_ws/install/status_interface/include/status_interface/status_interface/msg/detail/system_status__rosidl_typesupport_fastrtps_c.h
[3.180s] -- Installing: /home/ubuntu/chapt3/topic_practice_ws/install/status_interface/include/status_interface/status_interface/msg/rosidl_typesupport_fastrtps_c__visibility_control.h
[3.180s] -- Installing: /home/ubuntu/chapt3/topic_practice_ws/install/status_interface/lib/libstatus_interface__rosidl_typesupport_fastrtps_c.so
[3.180s] -- Set non-toolchain portion of runtime path of "/home/ubuntu/chapt3/topic_practice_ws/install/status_interface/lib/libstatus_interface__rosidl_typesupport_fastrtps_c.so" to ""
[3.180s] -- Up-to-date: /home/ubuntu/chapt3/topic_practice_ws/install/status_interface/include/status_interface/status_interface
[3.180s] -- Up-to-date: /home/ubuntu/chapt3/topic_practice_ws/install/status_interface/include/status_interface/status_interface/msg
[3.180s] -- Up-to-date: /home/ubuntu/chapt3/topic_practice_ws/install/status_interface/include/status_interface/status_interface/msg/detail
[3.180s] -- Installing: /home/ubuntu/chapt3/topic_practice_ws/install/status_interface/include/status_interface/status_interface/msg/detail/system_status__struct.hpp
[3.180s] -- Installing: /home/ubuntu/chapt3/topic_practice_ws/install/status_interface/include/status_interface/status_interface/msg/detail/system_status__builder.hpp
[3.180s] -- Installing: /home/ubuntu/chapt3/topic_practice_ws/install/status_interface/include/status_interface/status_interface/msg/detail/system_status__traits.hpp
[3.180s] -- Installing: /home/ubuntu/chapt3/topic_practice_ws/install/status_interface/include/status_interface/status_interface/msg/detail/system_status__type_support.hpp
[3.180s] -- Installing: /home/ubuntu/chapt3/topic_practice_ws/install/status_interface/include/status_interface/status_interface/msg/system_status.hpp
[3.180s] -- Installing: /home/ubuntu/chapt3/topic_practice_ws/install/status_interface/include/status_interface/status_interface/msg/rosidl_generator_cpp__visibility_control.hpp
[3.180s] -- Up-to-date: /home/ubuntu/chapt3/topic_practice_ws/install/status_interface/include/status_interface/status_interface
[3.180s] -- Up-to-date: /home/ubuntu/chapt3/topic_practice_ws/install/status_interface/include/status_interface/status_interface/msg
[3.181s] -- Up-to-date: /home/ubuntu/chapt3/topic_practice_ws/install/status_interface/include/status_interface/status_interface/msg/detail
[3.181s] -- Installing: /home/ubuntu/chapt3/topic_practice_ws/install/status_interface/include/status_interface/status_interface/msg/detail/dds_fastrtps
[3.181s] -- Installing: /home/ubuntu/chapt3/topic_practice_ws/install/status_interface/include/status_interface/status_interface/msg/detail/system_status__rosidl_typesupport_fastrtps_cpp.hpp
[3.181s] -- Installing: /home/ubuntu/chapt3/topic_practice_ws/install/status_interface/include/status_interface/status_interface/msg/rosidl_typesupport_fastrtps_cpp__visibility_control.h
[3.181s] -- Installing: /home/ubuntu/chapt3/topic_practice_ws/install/status_interface/lib/libstatus_interface__rosidl_typesupport_fastrtps_cpp.so
[3.181s] -- Set non-toolchain portion of runtime path of "/home/ubuntu/chapt3/topic_practice_ws/install/status_interface/lib/libstatus_interface__rosidl_typesupport_fastrtps_cpp.so" to ""
[3.181s] -- Up-to-date: /home/ubuntu/chapt3/topic_practice_ws/install/status_interface/include/status_interface/status_interface
[3.181s] -- Up-to-date: /home/ubuntu/chapt3/topic_practice_ws/install/status_interface/include/status_interface/status_interface/msg
[3.181s] -- Up-to-date: /home/ubuntu/chapt3/topic_practice_ws/install/status_interface/include/status_interface/status_interface/msg/detail
[3.181s] -- Installing: /home/ubuntu/chapt3/topic_practice_ws/install/status_interface/include/status_interface/status_interface/msg/detail/system_status__rosidl_typesupport_introspection_c.h
[3.181s] -- Up-to-date: /home/ubuntu/chapt3/topic_practice_ws/install/status_interface/include/status_interface/status_interface/msg/detail/system_status__type_support.c
[3.181s] -- Installing: /home/ubuntu/chapt3/topic_practice_ws/install/status_interface/include/status_interface/status_interface/msg/rosidl_typesupport_introspection_c__visibility_control.h
[3.181s] -- Installing: /home/ubuntu/chapt3/topic_practice_ws/install/status_interface/lib/libstatus_interface__rosidl_typesupport_introspection_c.so
[3.181s] -- Set non-toolchain portion of runtime path of "/home/ubuntu/chapt3/topic_practice_ws/install/status_interface/lib/libstatus_interface__rosidl_typesupport_introspection_c.so" to ""
[3.181s] -- Installing: /home/ubuntu/chapt3/topic_practice_ws/install/status_interface/lib/libstatus_interface__rosidl_typesupport_c.so
[3.181s] -- Set non-toolchain portion of runtime path of "/home/ubuntu/chapt3/topic_practice_ws/install/status_interface/lib/libstatus_interface__rosidl_typesupport_c.so" to ""
[3.181s] -- Up-to-date: /home/ubuntu/chapt3/topic_practice_ws/install/status_interface/include/status_interface/status_interface
[3.181s] -- Up-to-date: /home/ubuntu/chapt3/topic_practice_ws/install/status_interface/include/status_interface/status_interface/msg
[3.181s] -- Up-to-date: /home/ubuntu/chapt3/topic_practice_ws/install/status_interface/include/status_interface/status_interface/msg/detail
[3.181s] -- Installing: /home/ubuntu/chapt3/topic_practice_ws/install/status_interface/include/status_interface/status_interface/msg/detail/system_status__type_support.cpp
[3.181s] -- Installing: /home/ubuntu/chapt3/topic_practice_ws/install/status_interface/include/status_interface/status_interface/msg/detail/system_status__rosidl_typesupport_introspection_cpp.hpp
[3.181s] -- Installing: /home/ubuntu/chapt3/topic_practice_ws/install/status_interface/lib/libstatus_interface__rosidl_typesupport_introspection_cpp.so
[3.181s] -- Set non-toolchain portion of runtime path of "/home/ubuntu/chapt3/topic_practice_ws/install/status_interface/lib/libstatus_interface__rosidl_typesupport_introspection_cpp.so" to ""
[3.181s] -- Installing: /home/ubuntu/chapt3/topic_practice_ws/install/status_interface/lib/libstatus_interface__rosidl_typesupport_cpp.so
[3.181s] -- Set non-toolchain portion of runtime path of "/home/ubuntu/chapt3/topic_practice_ws/install/status_interface/lib/libstatus_interface__rosidl_typesupport_cpp.so" to ""
[3.181s] -- Installing: /home/ubuntu/chapt3/topic_practice_ws/install/status_interface/share/status_interface/environment/pythonpath.sh
[3.181s] -- Installing: /home/ubuntu/chapt3/topic_practice_ws/install/status_interface/share/status_interface/environment/pythonpath.dsv
[3.181s] -- Installing: /home/ubuntu/chapt3/topic_practice_ws/install/status_interface/lib/python3.12/site-packages/status_interface-0.0.0-py3.12.egg-info
[3.182s] -- Installing: /home/ubuntu/chapt3/topic_practice_ws/install/status_interface/lib/python3.12/site-packages/status_interface-0.0.0-py3.12.egg-info/dependency_links.txt
[3.182s] -- Installing: /home/ubuntu/chapt3/topic_practice_ws/install/status_interface/lib/python3.12/site-packages/status_interface-0.0.0-py3.12.egg-info/SOURCES.txt
[3.182s] -- Installing: /home/ubuntu/chapt3/topic_practice_ws/install/status_interface/lib/python3.12/site-packages/status_interface-0.0.0-py3.12.egg-info/top_level.txt
[3.182s] -- Installing: /home/ubuntu/chapt3/topic_practice_ws/install/status_interface/lib/python3.12/site-packages/status_interface-0.0.0-py3.12.egg-info/PKG-INFO
[3.182s] -- Installing: /home/ubuntu/chapt3/topic_practice_ws/install/status_interface/lib/python3.12/site-packages/status_interface
[3.182s] -- Installing: /home/ubuntu/chapt3/topic_practice_ws/install/status_interface/lib/python3.12/site-packages/status_interface/status_interface_s__rosidl_typesupport_fastrtps_c.so
[3.182s] -- Installing: /home/ubuntu/chapt3/topic_practice_ws/install/status_interface/lib/python3.12/site-packages/status_interface/status_interface_s__rosidl_typesupport_c.so
[3.182s] -- Installing: /home/ubuntu/chapt3/topic_practice_ws/install/status_interface/lib/python3.12/site-packages/status_interface/_status_interface_s.ep.rosidl_typesupport_introspection_c.c
[3.182s] -- Installing: /home/ubuntu/chapt3/topic_practice_ws/install/status_interface/lib/python3.12/site-packages/status_interface/status_interface_s__rosidl_typesupport_introspection_c.so
[3.182s] -- Installing: /home/ubuntu/chapt3/topic_practice_ws/install/status_interface/lib/python3.12/site-packages/status_interface/_status_interface_s.ep.rosidl_typesupport_c.c
[3.182s] -- Installing: /home/ubuntu/chapt3/topic_practice_ws/install/status_interface/lib/python3.12/site-packages/status_interface/msg
[3.182s] -- Installing: /home/ubuntu/chapt3/topic_practice_ws/install/status_interface/lib/python3.12/site-packages/status_interface/msg/_system_status_s.c
[3.182s] -- Installing: /home/ubuntu/chapt3/topic_practice_ws/install/status_interface/lib/python3.12/site-packages/status_interface/msg/_system_status.py
[3.182s] -- Installing: /home/ubuntu/chapt3/topic_practice_ws/install/status_interface/lib/python3.12/site-packages/status_interface/msg/__init__.py
[3.182s] -- Installing: /home/ubuntu/chapt3/topic_practice_ws/install/status_interface/lib/python3.12/site-packages/status_interface/_status_interface_s.ep.rosidl_typesupport_fastrtps_c.c
[3.182s] -- Installing: /home/ubuntu/chapt3/topic_practice_ws/install/status_interface/lib/python3.12/site-packages/status_interface/__init__.py
[3.205s] Listing '/home/ubuntu/chapt3/topic_practice_ws/install/status_interface/lib/python3.12/site-packages/status_interface'...
[3.205s] Compiling '/home/ubuntu/chapt3/topic_practice_ws/install/status_interface/lib/python3.12/site-packages/status_interface/__init__.py'...
[3.205s] Listing '/home/ubuntu/chapt3/topic_practice_ws/install/status_interface/lib/python3.12/site-packages/status_interface/msg'...
[3.205s] Compiling '/home/ubuntu/chapt3/topic_practice_ws/install/status_interface/lib/python3.12/site-packages/status_interface/msg/__init__.py'...
[3.205s] Compiling '/home/ubuntu/chapt3/topic_practice_ws/install/status_interface/lib/python3.12/site-packages/status_interface/msg/_system_status.py'...
[3.208s] -- Installing: /home/ubuntu/chapt3/topic_practice_ws/install/status_interface/lib/python3.12/site-packages/status_interface/status_interface_s__rosidl_typesupport_fastrtps_c.so
[3.208s] -- Set non-toolchain portion of runtime path of "/home/ubuntu/chapt3/topic_practice_ws/install/status_interface/lib/python3.12/site-packages/status_interface/status_interface_s__rosidl_typesupport_fastrtps_c.so" to ""
[3.208s] -- Installing: /home/ubuntu/chapt3/topic_practice_ws/install/status_interface/lib/python3.12/site-packages/status_interface/status_interface_s__rosidl_typesupport_introspection_c.so
[3.208s] -- Set non-toolchain portion of runtime path of "/home/ubuntu/chapt3/topic_practice_ws/install/status_interface/lib/python3.12/site-packages/status_interface/status_interface_s__rosidl_typesupport_introspection_c.so" to ""
[3.208s] -- Installing: /home/ubuntu/chapt3/topic_practice_ws/install/status_interface/lib/python3.12/site-packages/status_interface/status_interface_s__rosidl_typesupport_c.so
[3.208s] -- Set non-toolchain portion of runtime path of "/home/ubuntu/chapt3/topic_practice_ws/install/status_interface/lib/python3.12/site-packages/status_interface/status_interface_s__rosidl_typesupport_c.so" to ""
[3.208s] -- Installing: /home/ubuntu/chapt3/topic_practice_ws/install/status_interface/lib/libstatus_interface__rosidl_generator_py.so
[3.209s] -- Set non-toolchain portion of runtime path of "/home/ubuntu/chapt3/topic_practice_ws/install/status_interface/lib/libstatus_interface__rosidl_generator_py.so" to ""
[3.209s] -- Installing: /home/ubuntu/chapt3/topic_practice_ws/install/status_interface/share/status_interface/msg/SystemStatus.idl
[3.209s] -- Installing: /home/ubuntu/chapt3/topic_practice_ws/install/status_interface/share/status_interface/msg/SystemStatus.msg
[3.209s] -- Installing: /home/ubuntu/chapt3/topic_practice_ws/install/status_interface/share/ament_index/resource_index/package_run_dependencies/status_interface
[3.209s] -- Installing: /home/ubuntu/chapt3/topic_practice_ws/install/status_interface/share/ament_index/resource_index/parent_prefix_path/status_interface
[3.209s] -- Installing: /home/ubuntu/chapt3/topic_practice_ws/install/status_interface/share/status_interface/environment/ament_prefix_path.sh
[3.209s] -- Installing: /home/ubuntu/chapt3/topic_practice_ws/install/status_interface/share/status_interface/environment/ament_prefix_path.dsv
[3.209s] -- Installing: /home/ubuntu/chapt3/topic_practice_ws/install/status_interface/share/status_interface/environment/path.sh
[3.209s] -- Installing: /home/ubuntu/chapt3/topic_practice_ws/install/status_interface/share/status_interface/environment/path.dsv
[3.209s] -- Installing: /home/ubuntu/chapt3/topic_practice_ws/install/status_interface/share/status_interface/local_setup.bash
[3.209s] -- Installing: /home/ubuntu/chapt3/topic_practice_ws/install/status_interface/share/status_interface/local_setup.sh
[3.209s] -- Installing: /home/ubuntu/chapt3/topic_practice_ws/install/status_interface/share/status_interface/local_setup.zsh
[3.209s] -- Installing: /home/ubuntu/chapt3/topic_practice_ws/install/status_interface/share/status_interface/local_setup.dsv
[3.209s] -- Installing: /home/ubuntu/chapt3/topic_practice_ws/install/status_interface/share/status_interface/package.dsv
[3.209s] -- Installing: /home/ubuntu/chapt3/topic_practice_ws/install/status_interface/share/ament_index/resource_index/packages/status_interface
[3.209s] -- Installing: /home/ubuntu/chapt3/topic_practice_ws/install/status_interface/share/status_interface/cmake/export_status_interface__rosidl_generator_cExport.cmake
[3.209s] -- Installing: /home/ubuntu/chapt3/topic_practice_ws/install/status_interface/share/status_interface/cmake/export_status_interface__rosidl_generator_cExport-noconfig.cmake
[3.209s] -- Installing: /home/ubuntu/chapt3/topic_practice_ws/install/status_interface/share/status_interface/cmake/export_status_interface__rosidl_typesupport_fastrtps_cExport.cmake
[3.209s] -- Installing: /home/ubuntu/chapt3/topic_practice_ws/install/status_interface/share/status_interface/cmake/export_status_interface__rosidl_typesupport_fastrtps_cExport-noconfig.cmake
[3.209s] -- Installing: /home/ubuntu/chapt3/topic_practice_ws/install/status_interface/share/status_interface/cmake/export_status_interface__rosidl_generator_cppExport.cmake
[3.209s] -- Installing: /home/ubuntu/chapt3/topic_practice_ws/install/status_interface/share/status_interface/cmake/export_status_interface__rosidl_typesupport_fastrtps_cppExport.cmake
[3.210s] -- Installing: /home/ubuntu/chapt3/topic_practice_ws/install/status_interface/share/status_interface/cmake/export_status_interface__rosidl_typesupport_fastrtps_cppExport-noconfig.cmake
[3.210s] -- Installing: /home/ubuntu/chapt3/topic_practice_ws/install/status_interface/share/status_interface/cmake/status_interface__rosidl_typesupport_introspection_cExport.cmake
[3.210s] -- Installing: /home/ubuntu/chapt3/topic_practice_ws/install/status_interface/share/status_interface/cmake/status_interface__rosidl_typesupport_introspection_cExport-noconfig.cmake
[3.210s] -- Installing: /home/ubuntu/chapt3/topic_practice_ws/install/status_interface/share/status_interface/cmake/status_interface__rosidl_typesupport_cExport.cmake
[3.210s] -- Installing: /home/ubuntu/chapt3/topic_practice_ws/install/status_interface/share/status_interface/cmake/status_interface__rosidl_typesupport_cExport-noconfig.cmake
[3.210s] -- Installing: /home/ubuntu/chapt3/topic_practice_ws/install/status_interface/share/status_interface/cmake/status_interface__rosidl_typesupport_introspection_cppExport.cmake
[3.210s] -- Installing: /home/ubuntu/chapt3/topic_practice_ws/install/status_interface/share/status_interface/cmake/status_interface__rosidl_typesupport_introspection_cppExport-noconfig.cmake
[3.210s] -- Installing: /home/ubuntu/chapt3/topic_practice_ws/install/status_interface/share/status_interface/cmake/status_interface__rosidl_typesupport_cppExport.cmake
[3.210s] -- Installing: /home/ubuntu/chapt3/topic_practice_ws/install/status_interface/share/status_interface/cmake/status_interface__rosidl_typesupport_cppExport-noconfig.cmake
[3.210s] -- Installing: /home/ubuntu/chapt3/topic_practice_ws/install/status_interface/share/status_interface/cmake/export_status_interface__rosidl_generator_pyExport.cmake
[3.210s] -- Installing: /home/ubuntu/chapt3/topic_practice_ws/install/status_interface/share/status_interface/cmake/export_status_interface__rosidl_generator_pyExport-noconfig.cmake
[3.210s] -- Installing: /home/ubuntu/chapt3/topic_practice_ws/install/status_interface/share/status_interface/cmake/rosidl_cmake-extras.cmake
[3.210s] -- Installing: /home/ubuntu/chapt3/topic_practice_ws/install/status_interface/share/status_interface/cmake/ament_cmake_export_dependencies-extras.cmake
[3.210s] -- Installing: /home/ubuntu/chapt3/topic_practice_ws/install/status_interface/share/status_interface/cmake/ament_cmake_export_include_directories-extras.cmake
[3.210s] -- Installing: /home/ubuntu/chapt3/topic_practice_ws/install/status_interface/share/status_interface/cmake/ament_cmake_export_libraries-extras.cmake
[3.210s] -- Installing: /home/ubuntu/chapt3/topic_practice_ws/install/status_interface/share/status_interface/cmake/ament_cmake_export_targets-extras.cmake
[3.210s] -- Installing: /home/ubuntu/chapt3/topic_practice_ws/install/status_interface/share/status_interface/cmake/rosidl_cmake_export_typesupport_targets-extras.cmake
[3.210s] -- Installing: /home/ubuntu/chapt3/topic_practice_ws/install/status_interface/share/status_interface/cmake/rosidl_cmake_export_typesupport_libraries-extras.cmake
[3.210s] -- Installing: /home/ubuntu/chapt3/topic_practice_ws/install/status_interface/share/status_interface/cmake/status_interfaceConfig.cmake
[3.210s] -- Installing: /home/ubuntu/chapt3/topic_practice_ws/install/status_interface/share/status_interface/cmake/status_interfaceConfig-version.cmake
[3.210s] -- Installing: /home/ubuntu/chapt3/topic_practice_ws/install/status_interface/share/status_interface/package.xml
[3.213s] Invoked command in '/home/ubuntu/chapt3/topic_practice_ws/build/status_interface' returned '0': CMAKE_PREFIX_PATH=${CMAKE_PREFIX_PATH}:/opt/ros/jazzy DEBUGINFOD_URLS=https://debuginfod.ubuntu.com /usr/bin/cmake --install /home/ubuntu/chapt3/topic_practice_ws/build/status_interface
