-- Found ament_cmake: 2.5.4 (/opt/ros/jazzy/share/ament_cmake/cmake)
-- Found rclcpp: 28.1.12 (/opt/ros/jazzy/share/rclcpp/cmake)
-- Found rosidl_generator_c: 4.6.6 (/opt/ros/jazzy/share/rosidl_generator_c/cmake)
-- Found rosidl_generator_cpp: 4.6.6 (/opt/ros/jazzy/share/rosidl_generator_cpp/cmake)
-- Using all available rosidl_typesupport_c: rosidl_typesupport_fastrtps_c;rosidl_typesupport_introspection_c
-- Using all available rosidl_typesupport_cpp: rosidl_typesupport_fastrtps_cpp;rosidl_typesupport_introspection_cpp
-- Found rmw_implementation_cmake: 7.3.2 (/opt/ros/jazzy/share/rmw_implementation_cmake/cmake)
-- Found rmw_fastrtps_cpp: 8.4.3 (/opt/ros/jazzy/share/rmw_fastrtps_cpp/cmake)
-- Using RMW implementation 'rmw_fastrtps_cpp' as default
-- Found status_interface: 0.0.0 (/home/ubuntu/chapt3/topic_practice_ws/install/status_interface/share/status_interface/cmake)
-- Found ament_lint_auto: 0.17.3 (/opt/ros/jazzy/share/ament_lint_auto/cmake)
-- Added test 'cppcheck' to perform static code analysis on C / C++ code
-- Configured cppcheck include dirs: 
-- Configured cppcheck exclude dirs and/or files: 
-- Added test 'lint_cmake' to check CMake code style
-- Added test 'uncrustify' to check C / C++ code style
-- Configured uncrustify additional arguments: 
-- Added test 'xmllint' to check XML markup files
-- Configuring done (0.6s)
-- Generating done (0.0s)
-- Build files have been written to: /home/ubuntu/chapt3/topic_practice_ws/build/status_display
[ 25%] [32mBuilding CXX object CMakeFiles/sys_status_display.dir/src/sys_status_display.cpp.o[0m
[ 75%] Built target hello_qt
[100%] [32m[1mLinking CXX executable sys_status_display[0m
[100%] Built target sys_status_display
-- Install configuration: ""
-- Up-to-date: /home/ubuntu/chapt3/topic_practice_ws/install/status_display/lib/status_display/hello_qt
-- Installing: /home/ubuntu/chapt3/topic_practice_ws/install/status_display/lib/status_display/sys_status_display
-- Set non-toolchain portion of runtime path of "/home/ubuntu/chapt3/topic_practice_ws/install/status_display/lib/status_display/sys_status_display" to ""
-- Up-to-date: /home/ubuntu/chapt3/topic_practice_ws/install/status_display/share/ament_index/resource_index/package_run_dependencies/status_display
-- Up-to-date: /home/ubuntu/chapt3/topic_practice_ws/install/status_display/share/ament_index/resource_index/parent_prefix_path/status_display
-- Up-to-date: /home/ubuntu/chapt3/topic_practice_ws/install/status_display/share/status_display/environment/ament_prefix_path.sh
-- Up-to-date: /home/ubuntu/chapt3/topic_practice_ws/install/status_display/share/status_display/environment/ament_prefix_path.dsv
-- Up-to-date: /home/ubuntu/chapt3/topic_practice_ws/install/status_display/share/status_display/environment/path.sh
-- Up-to-date: /home/ubuntu/chapt3/topic_practice_ws/install/status_display/share/status_display/environment/path.dsv
-- Up-to-date: /home/ubuntu/chapt3/topic_practice_ws/install/status_display/share/status_display/local_setup.bash
-- Up-to-date: /home/ubuntu/chapt3/topic_practice_ws/install/status_display/share/status_display/local_setup.sh
-- Up-to-date: /home/ubuntu/chapt3/topic_practice_ws/install/status_display/share/status_display/local_setup.zsh
-- Up-to-date: /home/ubuntu/chapt3/topic_practice_ws/install/status_display/share/status_display/local_setup.dsv
-- Installing: /home/ubuntu/chapt3/topic_practice_ws/install/status_display/share/status_display/package.dsv
-- Up-to-date: /home/ubuntu/chapt3/topic_practice_ws/install/status_display/share/ament_index/resource_index/packages/status_display
-- Up-to-date: /home/ubuntu/chapt3/topic_practice_ws/install/status_display/share/status_display/cmake/status_displayConfig.cmake
-- Up-to-date: /home/ubuntu/chapt3/topic_practice_ws/install/status_display/share/status_display/cmake/status_displayConfig-version.cmake
-- Up-to-date: /home/ubuntu/chapt3/topic_practice_ws/install/status_display/share/status_display/package.xml
