[0.007s] Invoking command in '/home/ubuntu/chapt3/topic_practice_ws/build/status_interface': CMAKE_PREFIX_PATH=${CMAKE_PREFIX_PATH}:/home/ubuntu/chapt3/topic_practice_ws/install/status_publisher:/opt/ros/jazzy DEBUGINFOD_URLS=https://debuginfod.ubuntu.com /usr/bin/cmake --build /home/ubuntu/chapt3/topic_practice_ws/build/status_interface -- -j16 -l16
[0.049s] [  2%] Built target status_interface__rosidl_generator_type_description
[0.051s] [  2%] Built target ament_cmake_python_copy_status_interface
[0.063s] [  5%] Built target status_interface__cpp
[0.063s] [ 20%] Built target status_interface__rosidl_generator_c
[0.076s] [ 38%] Built target status_interface__rosidl_typesupport_c
[0.076s] [ 38%] Built target status_interface__rosidl_typesupport_fastrtps_cpp
[0.077s] [ 47%] Built target status_interface__rosidl_typesupport_introspection_c
[0.077s] [ 55%] Built target status_interface__rosidl_typesupport_fastrtps_c
[0.077s] [ 64%] Built target status_interface__rosidl_typesupport_cpp
[0.080s] [ 73%] Built target status_interface__rosidl_typesupport_introspection_cpp
[0.094s] [ 73%] Built target status_interface
[0.108s] [ 76%] Built target status_interface__py
[0.122s] [ 82%] Built target status_interface__rosidl_generator_py
[0.136s] [ 88%] Built target status_interface_s__rosidl_typesupport_fastrtps_c
[0.138s] [ 94%] Built target status_interface_s__rosidl_typesupport_introspection_c
[0.140s] [100%] Built target status_interface_s__rosidl_typesupport_c
[0.176s] running egg_info
[0.185s] writing status_interface.egg-info/PKG-INFO
[0.185s] writing dependency_links to status_interface.egg-info/dependency_links.txt
[0.185s] writing top-level names to status_interface.egg-info/top_level.txt
[0.212s] reading manifest file 'status_interface.egg-info/SOURCES.txt'
[0.212s] writing manifest file 'status_interface.egg-info/SOURCES.txt'
[0.234s] [100%] Built target ament_cmake_python_build_status_interface_egg
[0.244s] Invoked command in '/home/ubuntu/chapt3/topic_practice_ws/build/status_interface' returned '0': CMAKE_PREFIX_PATH=${CMAKE_PREFIX_PATH}:/home/ubuntu/chapt3/topic_practice_ws/install/status_publisher:/opt/ros/jazzy DEBUGINFOD_URLS=https://debuginfod.ubuntu.com /usr/bin/cmake --build /home/ubuntu/chapt3/topic_practice_ws/build/status_interface -- -j16 -l16
[0.251s] Invoking command in '/home/ubuntu/chapt3/topic_practice_ws/build/status_interface': CMAKE_PREFIX_PATH=${CMAKE_PREFIX_PATH}:/home/ubuntu/chapt3/topic_practice_ws/install/status_publisher:/opt/ros/jazzy DEBUGINFOD_URLS=https://debuginfod.ubuntu.com /usr/bin/cmake --install /home/ubuntu/chapt3/topic_practice_ws/build/status_interface
[0.256s] -- Install configuration: ""
[0.256s] -- Up-to-date: /home/ubuntu/chapt3/topic_practice_ws/install/status_interface/share/ament_index/resource_index/rosidl_interfaces/status_interface
[0.256s] -- Up-to-date: /home/ubuntu/chapt3/topic_practice_ws/install/status_interface/share/status_interface/msg/SystemStatus.json
[0.256s] -- Up-to-date: /home/ubuntu/chapt3/topic_practice_ws/install/status_interface/include/status_interface/status_interface
[0.257s] -- Up-to-date: /home/ubuntu/chapt3/topic_practice_ws/install/status_interface/include/status_interface/status_interface/msg
[0.257s] -- Up-to-date: /home/ubuntu/chapt3/topic_practice_ws/install/status_interface/include/status_interface/status_interface/msg/detail
[0.257s] -- Up-to-date: /home/ubuntu/chapt3/topic_practice_ws/install/status_interface/include/status_interface/status_interface/msg/detail/system_status__functions.h
[0.257s] -- Up-to-date: /home/ubuntu/chapt3/topic_practice_ws/install/status_interface/include/status_interface/status_interface/msg/detail/system_status__type_support.c
[0.257s] -- Up-to-date: /home/ubuntu/chapt3/topic_practice_ws/install/status_interface/include/status_interface/status_interface/msg/detail/system_status__description.c
[0.257s] -- Up-to-date: /home/ubuntu/chapt3/topic_practice_ws/install/status_interface/include/status_interface/status_interface/msg/detail/system_status__struct.h
[0.257s] -- Up-to-date: /home/ubuntu/chapt3/topic_practice_ws/install/status_interface/include/status_interface/status_interface/msg/detail/system_status__functions.c
[0.257s] -- Up-to-date: /home/ubuntu/chapt3/topic_practice_ws/install/status_interface/include/status_interface/status_interface/msg/detail/system_status__type_support.h
[0.258s] -- Up-to-date: /home/ubuntu/chapt3/topic_practice_ws/install/status_interface/include/status_interface/status_interface/msg/rosidl_generator_c__visibility_control.h
[0.258s] -- Up-to-date: /home/ubuntu/chapt3/topic_practice_ws/install/status_interface/include/status_interface/status_interface/msg/system_status.h
[0.258s] -- Up-to-date: /home/ubuntu/chapt3/topic_practice_ws/install/status_interface/share/status_interface/environment/library_path.sh
[0.258s] -- Up-to-date: /home/ubuntu/chapt3/topic_practice_ws/install/status_interface/share/status_interface/environment/library_path.dsv
[0.258s] -- Up-to-date: /home/ubuntu/chapt3/topic_practice_ws/install/status_interface/lib/libstatus_interface__rosidl_generator_c.so
[0.258s] -- Up-to-date: /home/ubuntu/chapt3/topic_practice_ws/install/status_interface/include/status_interface/status_interface
[0.258s] -- Up-to-date: /home/ubuntu/chapt3/topic_practice_ws/install/status_interface/include/status_interface/status_interface/msg
[0.258s] -- Up-to-date: /home/ubuntu/chapt3/topic_practice_ws/install/status_interface/include/status_interface/status_interface/msg/detail
[0.258s] -- Up-to-date: /home/ubuntu/chapt3/topic_practice_ws/install/status_interface/include/status_interface/status_interface/msg/detail/system_status__rosidl_typesupport_fastrtps_c.h
[0.258s] -- Up-to-date: /home/ubuntu/chapt3/topic_practice_ws/install/status_interface/include/status_interface/status_interface/msg/rosidl_typesupport_fastrtps_c__visibility_control.h
[0.258s] -- Up-to-date: /home/ubuntu/chapt3/topic_practice_ws/install/status_interface/lib/libstatus_interface__rosidl_typesupport_fastrtps_c.so
[0.258s] -- Up-to-date: /home/ubuntu/chapt3/topic_practice_ws/install/status_interface/include/status_interface/status_interface
[0.258s] -- Up-to-date: /home/ubuntu/chapt3/topic_practice_ws/install/status_interface/include/status_interface/status_interface/msg
[0.259s] -- Up-to-date: /home/ubuntu/chapt3/topic_practice_ws/install/status_interface/include/status_interface/status_interface/msg/detail
[0.259s] -- Up-to-date: /home/ubuntu/chapt3/topic_practice_ws/install/status_interface/include/status_interface/status_interface/msg/detail/system_status__struct.hpp
[0.259s] -- Up-to-date: /home/ubuntu/chapt3/topic_practice_ws/install/status_interface/include/status_interface/status_interface/msg/detail/system_status__builder.hpp
[0.259s] -- Up-to-date: /home/ubuntu/chapt3/topic_practice_ws/install/status_interface/include/status_interface/status_interface/msg/detail/system_status__traits.hpp
[0.259s] -- Up-to-date: /home/ubuntu/chapt3/topic_practice_ws/install/status_interface/include/status_interface/status_interface/msg/detail/system_status__type_support.hpp
[0.259s] -- Up-to-date: /home/ubuntu/chapt3/topic_practice_ws/install/status_interface/include/status_interface/status_interface/msg/system_status.hpp
[0.259s] -- Up-to-date: /home/ubuntu/chapt3/topic_practice_ws/install/status_interface/include/status_interface/status_interface/msg/rosidl_generator_cpp__visibility_control.hpp
[0.259s] -- Up-to-date: /home/ubuntu/chapt3/topic_practice_ws/install/status_interface/include/status_interface/status_interface
[0.259s] -- Up-to-date: /home/ubuntu/chapt3/topic_practice_ws/install/status_interface/include/status_interface/status_interface/msg
[0.259s] -- Up-to-date: /home/ubuntu/chapt3/topic_practice_ws/install/status_interface/include/status_interface/status_interface/msg/detail
[0.259s] -- Up-to-date: /home/ubuntu/chapt3/topic_practice_ws/install/status_interface/include/status_interface/status_interface/msg/detail/dds_fastrtps
[0.259s] -- Up-to-date: /home/ubuntu/chapt3/topic_practice_ws/install/status_interface/include/status_interface/status_interface/msg/detail/system_status__rosidl_typesupport_fastrtps_cpp.hpp
[0.259s] -- Up-to-date: /home/ubuntu/chapt3/topic_practice_ws/install/status_interface/include/status_interface/status_interface/msg/rosidl_typesupport_fastrtps_cpp__visibility_control.h
[0.260s] -- Up-to-date: /home/ubuntu/chapt3/topic_practice_ws/install/status_interface/lib/libstatus_interface__rosidl_typesupport_fastrtps_cpp.so
[0.260s] -- Up-to-date: /home/ubuntu/chapt3/topic_practice_ws/install/status_interface/include/status_interface/status_interface
[0.260s] -- Up-to-date: /home/ubuntu/chapt3/topic_practice_ws/install/status_interface/include/status_interface/status_interface/msg
[0.260s] -- Up-to-date: /home/ubuntu/chapt3/topic_practice_ws/install/status_interface/include/status_interface/status_interface/msg/detail
[0.260s] -- Up-to-date: /home/ubuntu/chapt3/topic_practice_ws/install/status_interface/include/status_interface/status_interface/msg/detail/system_status__rosidl_typesupport_introspection_c.h
[0.260s] -- Up-to-date: /home/ubuntu/chapt3/topic_practice_ws/install/status_interface/include/status_interface/status_interface/msg/detail/system_status__type_support.c
[0.260s] -- Up-to-date: /home/ubuntu/chapt3/topic_practice_ws/install/status_interface/include/status_interface/status_interface/msg/rosidl_typesupport_introspection_c__visibility_control.h
[0.260s] -- Up-to-date: /home/ubuntu/chapt3/topic_practice_ws/install/status_interface/lib/libstatus_interface__rosidl_typesupport_introspection_c.so
[0.260s] -- Up-to-date: /home/ubuntu/chapt3/topic_practice_ws/install/status_interface/lib/libstatus_interface__rosidl_typesupport_c.so
[0.260s] -- Up-to-date: /home/ubuntu/chapt3/topic_practice_ws/install/status_interface/include/status_interface/status_interface
[0.260s] -- Up-to-date: /home/ubuntu/chapt3/topic_practice_ws/install/status_interface/include/status_interface/status_interface/msg
[0.260s] -- Up-to-date: /home/ubuntu/chapt3/topic_practice_ws/install/status_interface/include/status_interface/status_interface/msg/detail
[0.260s] -- Up-to-date: /home/ubuntu/chapt3/topic_practice_ws/install/status_interface/include/status_interface/status_interface/msg/detail/system_status__type_support.cpp
[0.260s] -- Up-to-date: /home/ubuntu/chapt3/topic_practice_ws/install/status_interface/include/status_interface/status_interface/msg/detail/system_status__rosidl_typesupport_introspection_cpp.hpp
[0.261s] -- Up-to-date: /home/ubuntu/chapt3/topic_practice_ws/install/status_interface/lib/libstatus_interface__rosidl_typesupport_introspection_cpp.so
[0.261s] -- Up-to-date: /home/ubuntu/chapt3/topic_practice_ws/install/status_interface/lib/libstatus_interface__rosidl_typesupport_cpp.so
[0.261s] -- Up-to-date: /home/ubuntu/chapt3/topic_practice_ws/install/status_interface/share/status_interface/environment/pythonpath.sh
[0.261s] -- Up-to-date: /home/ubuntu/chapt3/topic_practice_ws/install/status_interface/share/status_interface/environment/pythonpath.dsv
[0.261s] -- Up-to-date: /home/ubuntu/chapt3/topic_practice_ws/install/status_interface/lib/python3.12/site-packages/status_interface-0.0.0-py3.12.egg-info
[0.261s] -- Installing: /home/ubuntu/chapt3/topic_practice_ws/install/status_interface/lib/python3.12/site-packages/status_interface-0.0.0-py3.12.egg-info/dependency_links.txt
[0.261s] -- Installing: /home/ubuntu/chapt3/topic_practice_ws/install/status_interface/lib/python3.12/site-packages/status_interface-0.0.0-py3.12.egg-info/SOURCES.txt
[0.261s] -- Installing: /home/ubuntu/chapt3/topic_practice_ws/install/status_interface/lib/python3.12/site-packages/status_interface-0.0.0-py3.12.egg-info/top_level.txt
[0.261s] -- Installing: /home/ubuntu/chapt3/topic_practice_ws/install/status_interface/lib/python3.12/site-packages/status_interface-0.0.0-py3.12.egg-info/PKG-INFO
[0.261s] -- Up-to-date: /home/ubuntu/chapt3/topic_practice_ws/install/status_interface/lib/python3.12/site-packages/status_interface
[0.261s] -- Up-to-date: /home/ubuntu/chapt3/topic_practice_ws/install/status_interface/lib/python3.12/site-packages/status_interface/status_interface_s__rosidl_typesupport_fastrtps_c.so
[0.261s] -- Up-to-date: /home/ubuntu/chapt3/topic_practice_ws/install/status_interface/lib/python3.12/site-packages/status_interface/status_interface_s__rosidl_typesupport_c.so
[0.261s] -- Up-to-date: /home/ubuntu/chapt3/topic_practice_ws/install/status_interface/lib/python3.12/site-packages/status_interface/_status_interface_s.ep.rosidl_typesupport_introspection_c.c
[0.262s] -- Up-to-date: /home/ubuntu/chapt3/topic_practice_ws/install/status_interface/lib/python3.12/site-packages/status_interface/status_interface_s__rosidl_typesupport_introspection_c.so
[0.262s] -- Up-to-date: /home/ubuntu/chapt3/topic_practice_ws/install/status_interface/lib/python3.12/site-packages/status_interface/_status_interface_s.ep.rosidl_typesupport_c.c
[0.262s] -- Up-to-date: /home/ubuntu/chapt3/topic_practice_ws/install/status_interface/lib/python3.12/site-packages/status_interface/msg
[0.262s] -- Up-to-date: /home/ubuntu/chapt3/topic_practice_ws/install/status_interface/lib/python3.12/site-packages/status_interface/msg/_system_status_s.c
[0.262s] -- Up-to-date: /home/ubuntu/chapt3/topic_practice_ws/install/status_interface/lib/python3.12/site-packages/status_interface/msg/_system_status.py
[0.262s] -- Up-to-date: /home/ubuntu/chapt3/topic_practice_ws/install/status_interface/lib/python3.12/site-packages/status_interface/msg/__init__.py
[0.262s] -- Up-to-date: /home/ubuntu/chapt3/topic_practice_ws/install/status_interface/lib/python3.12/site-packages/status_interface/_status_interface_s.ep.rosidl_typesupport_fastrtps_c.c
[0.262s] -- Up-to-date: /home/ubuntu/chapt3/topic_practice_ws/install/status_interface/lib/python3.12/site-packages/status_interface/__init__.py
[0.280s] Listing '/home/ubuntu/chapt3/topic_practice_ws/install/status_interface/lib/python3.12/site-packages/status_interface'...
[0.281s] Listing '/home/ubuntu/chapt3/topic_practice_ws/install/status_interface/lib/python3.12/site-packages/status_interface/msg'...
[0.284s] -- Up-to-date: /home/ubuntu/chapt3/topic_practice_ws/install/status_interface/lib/python3.12/site-packages/status_interface/status_interface_s__rosidl_typesupport_fastrtps_c.so
[0.284s] -- Up-to-date: /home/ubuntu/chapt3/topic_practice_ws/install/status_interface/lib/python3.12/site-packages/status_interface/status_interface_s__rosidl_typesupport_introspection_c.so
[0.284s] -- Up-to-date: /home/ubuntu/chapt3/topic_practice_ws/install/status_interface/lib/python3.12/site-packages/status_interface/status_interface_s__rosidl_typesupport_c.so
[0.284s] -- Up-to-date: /home/ubuntu/chapt3/topic_practice_ws/install/status_interface/lib/libstatus_interface__rosidl_generator_py.so
[0.284s] -- Up-to-date: /home/ubuntu/chapt3/topic_practice_ws/install/status_interface/share/status_interface/msg/SystemStatus.idl
[0.284s] -- Up-to-date: /home/ubuntu/chapt3/topic_practice_ws/install/status_interface/share/status_interface/msg/SystemStatus.msg
[0.284s] -- Up-to-date: /home/ubuntu/chapt3/topic_practice_ws/install/status_interface/share/ament_index/resource_index/package_run_dependencies/status_interface
[0.285s] -- Up-to-date: /home/ubuntu/chapt3/topic_practice_ws/install/status_interface/share/ament_index/resource_index/parent_prefix_path/status_interface
[0.285s] -- Up-to-date: /home/ubuntu/chapt3/topic_practice_ws/install/status_interface/share/status_interface/environment/ament_prefix_path.sh
[0.285s] -- Up-to-date: /home/ubuntu/chapt3/topic_practice_ws/install/status_interface/share/status_interface/environment/ament_prefix_path.dsv
[0.285s] -- Up-to-date: /home/ubuntu/chapt3/topic_practice_ws/install/status_interface/share/status_interface/environment/path.sh
[0.285s] -- Up-to-date: /home/ubuntu/chapt3/topic_practice_ws/install/status_interface/share/status_interface/environment/path.dsv
[0.285s] -- Up-to-date: /home/ubuntu/chapt3/topic_practice_ws/install/status_interface/share/status_interface/local_setup.bash
[0.285s] -- Up-to-date: /home/ubuntu/chapt3/topic_practice_ws/install/status_interface/share/status_interface/local_setup.sh
[0.285s] -- Up-to-date: /home/ubuntu/chapt3/topic_practice_ws/install/status_interface/share/status_interface/local_setup.zsh
[0.285s] -- Up-to-date: /home/ubuntu/chapt3/topic_practice_ws/install/status_interface/share/status_interface/local_setup.dsv
[0.285s] -- Installing: /home/ubuntu/chapt3/topic_practice_ws/install/status_interface/share/status_interface/package.dsv
[0.286s] -- Up-to-date: /home/ubuntu/chapt3/topic_practice_ws/install/status_interface/share/ament_index/resource_index/packages/status_interface
[0.286s] -- Up-to-date: /home/ubuntu/chapt3/topic_practice_ws/install/status_interface/share/status_interface/cmake/export_status_interface__rosidl_generator_cExport.cmake
[0.286s] -- Up-to-date: /home/ubuntu/chapt3/topic_practice_ws/install/status_interface/share/status_interface/cmake/export_status_interface__rosidl_generator_cExport-noconfig.cmake
[0.286s] -- Up-to-date: /home/ubuntu/chapt3/topic_practice_ws/install/status_interface/share/status_interface/cmake/export_status_interface__rosidl_typesupport_fastrtps_cExport.cmake
[0.286s] -- Up-to-date: /home/ubuntu/chapt3/topic_practice_ws/install/status_interface/share/status_interface/cmake/export_status_interface__rosidl_typesupport_fastrtps_cExport-noconfig.cmake
[0.286s] -- Up-to-date: /home/ubuntu/chapt3/topic_practice_ws/install/status_interface/share/status_interface/cmake/export_status_interface__rosidl_generator_cppExport.cmake
[0.286s] -- Up-to-date: /home/ubuntu/chapt3/topic_practice_ws/install/status_interface/share/status_interface/cmake/export_status_interface__rosidl_typesupport_fastrtps_cppExport.cmake
[0.286s] -- Up-to-date: /home/ubuntu/chapt3/topic_practice_ws/install/status_interface/share/status_interface/cmake/export_status_interface__rosidl_typesupport_fastrtps_cppExport-noconfig.cmake
[0.286s] -- Up-to-date: /home/ubuntu/chapt3/topic_practice_ws/install/status_interface/share/status_interface/cmake/status_interface__rosidl_typesupport_introspection_cExport.cmake
[0.287s] -- Up-to-date: /home/ubuntu/chapt3/topic_practice_ws/install/status_interface/share/status_interface/cmake/status_interface__rosidl_typesupport_introspection_cExport-noconfig.cmake
[0.287s] -- Up-to-date: /home/ubuntu/chapt3/topic_practice_ws/install/status_interface/share/status_interface/cmake/status_interface__rosidl_typesupport_cExport.cmake
[0.287s] -- Up-to-date: /home/ubuntu/chapt3/topic_practice_ws/install/status_interface/share/status_interface/cmake/status_interface__rosidl_typesupport_cExport-noconfig.cmake
[0.287s] -- Up-to-date: /home/ubuntu/chapt3/topic_practice_ws/install/status_interface/share/status_interface/cmake/status_interface__rosidl_typesupport_introspection_cppExport.cmake
[0.288s] -- Up-to-date: /home/ubuntu/chapt3/topic_practice_ws/install/status_interface/share/status_interface/cmake/status_interface__rosidl_typesupport_introspection_cppExport-noconfig.cmake
[0.288s] -- Up-to-date: /home/ubuntu/chapt3/topic_practice_ws/install/status_interface/share/status_interface/cmake/status_interface__rosidl_typesupport_cppExport.cmake
[0.288s] -- Up-to-date: /home/ubuntu/chapt3/topic_practice_ws/install/status_interface/share/status_interface/cmake/status_interface__rosidl_typesupport_cppExport-noconfig.cmake
[0.288s] -- Up-to-date: /home/ubuntu/chapt3/topic_practice_ws/install/status_interface/share/status_interface/cmake/export_status_interface__rosidl_generator_pyExport.cmake
[0.288s] -- Up-to-date: /home/ubuntu/chapt3/topic_practice_ws/install/status_interface/share/status_interface/cmake/export_status_interface__rosidl_generator_pyExport-noconfig.cmake
[0.288s] -- Up-to-date: /home/ubuntu/chapt3/topic_practice_ws/install/status_interface/share/status_interface/cmake/rosidl_cmake-extras.cmake
[0.288s] -- Up-to-date: /home/ubuntu/chapt3/topic_practice_ws/install/status_interface/share/status_interface/cmake/ament_cmake_export_dependencies-extras.cmake
[0.289s] -- Up-to-date: /home/ubuntu/chapt3/topic_practice_ws/install/status_interface/share/status_interface/cmake/ament_cmake_export_include_directories-extras.cmake
[0.289s] -- Up-to-date: /home/ubuntu/chapt3/topic_practice_ws/install/status_interface/share/status_interface/cmake/ament_cmake_export_libraries-extras.cmake
[0.289s] -- Up-to-date: /home/ubuntu/chapt3/topic_practice_ws/install/status_interface/share/status_interface/cmake/ament_cmake_export_targets-extras.cmake
[0.289s] -- Up-to-date: /home/ubuntu/chapt3/topic_practice_ws/install/status_interface/share/status_interface/cmake/rosidl_cmake_export_typesupport_targets-extras.cmake
[0.289s] -- Up-to-date: /home/ubuntu/chapt3/topic_practice_ws/install/status_interface/share/status_interface/cmake/rosidl_cmake_export_typesupport_libraries-extras.cmake
[0.289s] -- Up-to-date: /home/ubuntu/chapt3/topic_practice_ws/install/status_interface/share/status_interface/cmake/status_interfaceConfig.cmake
[0.289s] -- Up-to-date: /home/ubuntu/chapt3/topic_practice_ws/install/status_interface/share/status_interface/cmake/status_interfaceConfig-version.cmake
[0.290s] -- Up-to-date: /home/ubuntu/chapt3/topic_practice_ws/install/status_interface/share/status_interface/package.xml
[0.290s] Invoked command in '/home/ubuntu/chapt3/topic_practice_ws/build/status_interface' returned '0': CMAKE_PREFIX_PATH=${CMAKE_PREFIX_PATH}:/home/ubuntu/chapt3/topic_practice_ws/install/status_publisher:/opt/ros/jazzy DEBUGINFOD_URLS=https://debuginfod.ubuntu.com /usr/bin/cmake --install /home/ubuntu/chapt3/topic_practice_ws/build/status_interface
