[0.006s] Invoking command in '/home/ubuntu/chapt3/topic_practice_ws/build/status_display': CMAKE_PREFIX_PATH=/home/ubuntu/chapt3/topic_practice_ws/install/status_interface:/home/ubuntu/chapt3/topic_practice_ws/install/status_display:/opt/ros/jazzy/opt/gz_math_vendor:/opt/ros/jazzy/opt/gz_utils_vendor:/opt/ros/jazzy/opt/gz_cmake_vendor:/home/ubuntu/chapt3/topic_practice_ws/install/status_publisher:/opt/ros/jazzy DEBUGINFOD_URLS=https://debuginfod.ubuntu.com PYTHONPATH=/home/ubuntu/chapt3/topic_practice_ws/install/status_interface/lib/python3.12/site-packages:/home/ubuntu/chapt3/topic_practice_ws/install/status_publisher/lib/python3.12/site-packages:/opt/ros/jazzy/lib/python3.12/site-packages /usr/bin/cmake --build /home/ubuntu/chapt3/topic_practice_ws/build/status_display -- -j16 -l16
[0.048s] [ 50%] Built target hello_qt
[0.049s] [ 75%] [32mBuilding CXX object CMakeFiles/sys_status_display.dir/src/sys_status_display.cpp.o[0m
[4.923s] [100%] [32m[1mLinking CXX executable sys_status_display[0m
[5.481s] [100%] Built target sys_status_display
[5.520s] Invoked command in '/home/ubuntu/chapt3/topic_practice_ws/build/status_display' returned '0': CMAKE_PREFIX_PATH=/home/ubuntu/chapt3/topic_practice_ws/install/status_interface:/home/ubuntu/chapt3/topic_practice_ws/install/status_display:/opt/ros/jazzy/opt/gz_math_vendor:/opt/ros/jazzy/opt/gz_utils_vendor:/opt/ros/jazzy/opt/gz_cmake_vendor:/home/ubuntu/chapt3/topic_practice_ws/install/status_publisher:/opt/ros/jazzy DEBUGINFOD_URLS=https://debuginfod.ubuntu.com PYTHONPATH=/home/ubuntu/chapt3/topic_practice_ws/install/status_interface/lib/python3.12/site-packages:/home/ubuntu/chapt3/topic_practice_ws/install/status_publisher/lib/python3.12/site-packages:/opt/ros/jazzy/lib/python3.12/site-packages /usr/bin/cmake --build /home/ubuntu/chapt3/topic_practice_ws/build/status_display -- -j16 -l16
[5.521s] Invoking command in '/home/ubuntu/chapt3/topic_practice_ws/build/status_display': CMAKE_PREFIX_PATH=/home/ubuntu/chapt3/topic_practice_ws/install/status_interface:/home/ubuntu/chapt3/topic_practice_ws/install/status_display:/opt/ros/jazzy/opt/gz_math_vendor:/opt/ros/jazzy/opt/gz_utils_vendor:/opt/ros/jazzy/opt/gz_cmake_vendor:/home/ubuntu/chapt3/topic_practice_ws/install/status_publisher:/opt/ros/jazzy DEBUGINFOD_URLS=https://debuginfod.ubuntu.com PYTHONPATH=/home/ubuntu/chapt3/topic_practice_ws/install/status_interface/lib/python3.12/site-packages:/home/ubuntu/chapt3/topic_practice_ws/install/status_publisher/lib/python3.12/site-packages:/opt/ros/jazzy/lib/python3.12/site-packages /usr/bin/cmake --install /home/ubuntu/chapt3/topic_practice_ws/build/status_display
[5.527s] -- Install configuration: ""
[5.527s] -- Up-to-date: /home/ubuntu/chapt3/topic_practice_ws/install/status_display/lib/status_display/hello_qt
[5.527s] -- Installing: /home/ubuntu/chapt3/topic_practice_ws/install/status_display/lib/status_display/sys_status_display
[5.530s] -- Set non-toolchain portion of runtime path of "/home/ubuntu/chapt3/topic_practice_ws/install/status_display/lib/status_display/sys_status_display" to ""
[5.530s] -- Up-to-date: /home/ubuntu/chapt3/topic_practice_ws/install/status_display/share/ament_index/resource_index/package_run_dependencies/status_display
[5.530s] -- Up-to-date: /home/ubuntu/chapt3/topic_practice_ws/install/status_display/share/ament_index/resource_index/parent_prefix_path/status_display
[5.530s] -- Up-to-date: /home/ubuntu/chapt3/topic_practice_ws/install/status_display/share/status_display/environment/ament_prefix_path.sh
[5.530s] -- Up-to-date: /home/ubuntu/chapt3/topic_practice_ws/install/status_display/share/status_display/environment/ament_prefix_path.dsv
[5.530s] -- Up-to-date: /home/ubuntu/chapt3/topic_practice_ws/install/status_display/share/status_display/environment/path.sh
[5.530s] -- Up-to-date: /home/ubuntu/chapt3/topic_practice_ws/install/status_display/share/status_display/environment/path.dsv
[5.530s] -- Up-to-date: /home/ubuntu/chapt3/topic_practice_ws/install/status_display/share/status_display/local_setup.bash
[5.530s] -- Up-to-date: /home/ubuntu/chapt3/topic_practice_ws/install/status_display/share/status_display/local_setup.sh
[5.530s] -- Up-to-date: /home/ubuntu/chapt3/topic_practice_ws/install/status_display/share/status_display/local_setup.zsh
[5.530s] -- Up-to-date: /home/ubuntu/chapt3/topic_practice_ws/install/status_display/share/status_display/local_setup.dsv
[5.530s] -- Installing: /home/ubuntu/chapt3/topic_practice_ws/install/status_display/share/status_display/package.dsv
[5.531s] -- Up-to-date: /home/ubuntu/chapt3/topic_practice_ws/install/status_display/share/ament_index/resource_index/packages/status_display
[5.531s] -- Up-to-date: /home/ubuntu/chapt3/topic_practice_ws/install/status_display/share/status_display/cmake/status_displayConfig.cmake
[5.531s] -- Up-to-date: /home/ubuntu/chapt3/topic_practice_ws/install/status_display/share/status_display/cmake/status_displayConfig-version.cmake
[5.531s] -- Up-to-date: /home/ubuntu/chapt3/topic_practice_ws/install/status_display/share/status_display/package.xml
[5.531s] Invoked command in '/home/ubuntu/chapt3/topic_practice_ws/build/status_display' returned '0': CMAKE_PREFIX_PATH=/home/ubuntu/chapt3/topic_practice_ws/install/status_interface:/home/ubuntu/chapt3/topic_practice_ws/install/status_display:/opt/ros/jazzy/opt/gz_math_vendor:/opt/ros/jazzy/opt/gz_utils_vendor:/opt/ros/jazzy/opt/gz_cmake_vendor:/home/ubuntu/chapt3/topic_practice_ws/install/status_publisher:/opt/ros/jazzy DEBUGINFOD_URLS=https://debuginfod.ubuntu.com PYTHONPATH=/home/ubuntu/chapt3/topic_practice_ws/install/status_interface/lib/python3.12/site-packages:/home/ubuntu/chapt3/topic_practice_ws/install/status_publisher/lib/python3.12/site-packages:/opt/ros/jazzy/lib/python3.12/site-packages /usr/bin/cmake --install /home/ubuntu/chapt3/topic_practice_ws/build/status_display
