[0.457s] Invoking command in '/home/ubuntu/chapt3/topic_practice_ws/src/status_publisher': CMAKE_PREFIX_PATH=/home/ubuntu/chapt3/topic_practice_ws/install/status_interface:/home/ubuntu/chapt3/topic_practice_ws/install/status_display:/opt/ros/jazzy/opt/gz_math_vendor:/opt/ros/jazzy/opt/gz_utils_vendor:/opt/ros/jazzy/opt/gz_cmake_vendor DEBUGINFOD_URLS=https://debuginfod.ubuntu.com PYTHONPATH=/home/ubuntu/chapt3/topic_practice_ws/build/status_publisher/prefix_override:/usr/lib/python3/dist-packages/colcon_core/task/python/colcon_distutils_commands:/home/ubuntu/chapt3/topic_practice_ws/install/status_publisher/lib/python3.12/site-packages:/home/ubuntu/chapt3/topic_practice_ws/install/status_interface/lib/python3.12/site-packages:/home/ubuntu/chapt3/topic_practice_ws/install/status_publisher/lib/python3.12/site-packages:/opt/ros/jazzy/lib/python3.12/site-packages /usr/bin/python3 -W ignore:setup.py install is deprecated -W ignore:easy_install command is deprecated setup.py egg_info --egg-base ../../build/status_publisher build --build-base /home/ubuntu/chapt3/topic_practice_ws/build/status_publisher/build install --record /home/ubuntu/chapt3/topic_practice_ws/build/status_publisher/install.log --single-version-externally-managed install_data
[0.639s] running egg_info
[0.648s] writing ../../build/status_publisher/status_publisher.egg-info/PKG-INFO
[0.648s] writing dependency_links to ../../build/status_publisher/status_publisher.egg-info/dependency_links.txt
[0.649s] writing entry points to ../../build/status_publisher/status_publisher.egg-info/entry_points.txt
[0.649s] writing requirements to ../../build/status_publisher/status_publisher.egg-info/requires.txt
[0.649s] writing top-level names to ../../build/status_publisher/status_publisher.egg-info/top_level.txt
[0.667s] reading manifest file '../../build/status_publisher/status_publisher.egg-info/SOURCES.txt'
[0.667s] adding license file 'LICENSE'
[0.667s] writing manifest file '../../build/status_publisher/status_publisher.egg-info/SOURCES.txt'
[0.667s] running build
[0.668s] running build_py
[0.668s] copying status_publisher/system_status_pub.py -> /home/ubuntu/chapt3/topic_practice_ws/build/status_publisher/build/lib/status_publisher
[0.668s] running install
[0.671s] running install_lib
[0.680s] copying /home/ubuntu/chapt3/topic_practice_ws/build/status_publisher/build/lib/status_publisher/system_status_pub.py -> /home/ubuntu/chapt3/topic_practice_ws/install/status_publisher/lib/python3.12/site-packages/status_publisher
[0.681s] byte-compiling /home/ubuntu/chapt3/topic_practice_ws/install/status_publisher/lib/python3.12/site-packages/status_publisher/system_status_pub.py to system_status_pub.cpython-312.pyc
[0.681s] running install_data
[0.681s] running install_egg_info
[0.690s] removing '/home/ubuntu/chapt3/topic_practice_ws/install/status_publisher/lib/python3.12/site-packages/status_publisher-0.0.0-py3.12.egg-info' (and everything under it)
[0.691s] Copying ../../build/status_publisher/status_publisher.egg-info to /home/ubuntu/chapt3/topic_practice_ws/install/status_publisher/lib/python3.12/site-packages/status_publisher-0.0.0-py3.12.egg-info
[0.691s] running install_scripts
[0.762s] Installing status_pub_node script to /home/ubuntu/chapt3/topic_practice_ws/install/status_publisher/lib/status_publisher
[0.762s] writing list of installed files to '/home/ubuntu/chapt3/topic_practice_ws/build/status_publisher/install.log'
[0.782s] Invoked command in '/home/ubuntu/chapt3/topic_practice_ws/src/status_publisher' returned '0': CMAKE_PREFIX_PATH=/home/ubuntu/chapt3/topic_practice_ws/install/status_interface:/home/ubuntu/chapt3/topic_practice_ws/install/status_display:/opt/ros/jazzy/opt/gz_math_vendor:/opt/ros/jazzy/opt/gz_utils_vendor:/opt/ros/jazzy/opt/gz_cmake_vendor DEBUGINFOD_URLS=https://debuginfod.ubuntu.com PYTHONPATH=/home/ubuntu/chapt3/topic_practice_ws/build/status_publisher/prefix_override:/usr/lib/python3/dist-packages/colcon_core/task/python/colcon_distutils_commands:/home/ubuntu/chapt3/topic_practice_ws/install/status_publisher/lib/python3.12/site-packages:/home/ubuntu/chapt3/topic_practice_ws/install/status_interface/lib/python3.12/site-packages:/home/ubuntu/chapt3/topic_practice_ws/install/status_publisher/lib/python3.12/site-packages:/opt/ros/jazzy/lib/python3.12/site-packages /usr/bin/python3 -W ignore:setup.py install is deprecated -W ignore:easy_install command is deprecated setup.py egg_info --egg-base ../../build/status_publisher build --build-base /home/ubuntu/chapt3/topic_practice_ws/build/status_publisher/build install --record /home/ubuntu/chapt3/topic_practice_ws/build/status_publisher/install.log --single-version-externally-managed install_data
