[0.053s] DEBUG:colcon:Command line arguments: ['/usr/bin/colcon', 'build']
[0.053s] DEBUG:colcon:Parsed command line arguments: Namespace(log_base=None, log_level=None, verb_name='build', build_base='build', install_base='install', merge_install=False, symlink_install=False, test_result_base=None, continue_on_error=False, executor='parallel', parallel_workers=16, event_handlers=None, ignore_user_meta=False, metas=['./colcon.meta'], base_paths=['.'], packages_ignore=None, packages_ignore_regex=None, paths=None, packages_up_to=None, packages_up_to_regex=None, packages_above=None, packages_above_and_dependencies=None, packages_above_depth=None, packages_select_by_dep=None, packages_skip_by_dep=None, packages_skip_up_to=None, packages_select_build_failed=False, packages_skip_build_finished=False, packages_select_test_failures=False, packages_skip_test_passed=False, packages_select=None, packages_skip=None, packages_select_regex=None, packages_skip_regex=None, packages_start=None, packages_end=None, cmake_args=None, cmake_target=None, cmake_target_skip_unavailable=False, cmake_clean_cache=False, cmake_clean_first=False, cmake_force_configure=False, ament_cmake_args=None, catkin_cmake_args=None, catkin_skip_building_tests=False, verb_parser=<colcon_defaults.argument_parser.defaults.DefaultArgumentsDecorator object at 0x75b5352bc3e0>, verb_extension=<colcon_core.verb.build.BuildVerb object at 0x75b535295f10>, main=<bound method BuildVerb.main of <colcon_core.verb.build.BuildVerb object at 0x75b535295f10>>)
[0.073s] Level 1:colcon.colcon_core.package_discovery:discover_packages(colcon_meta) check parameters
[0.073s] Level 1:colcon.colcon_core.package_discovery:discover_packages(recursive) check parameters
[0.073s] Level 1:colcon.colcon_core.package_discovery:discover_packages(ignore) check parameters
[0.073s] Level 1:colcon.colcon_core.package_discovery:discover_packages(path) check parameters
[0.073s] Level 1:colcon.colcon_core.package_discovery:discover_packages(colcon_meta) discover
[0.074s] Level 1:colcon.colcon_core.package_discovery:discover_packages(recursive) discover
[0.074s] INFO:colcon.colcon_core.package_discovery:Crawling recursively for packages in '/home/ubuntu/chapt3/topic_practice_ws'
[0.074s] Level 1:colcon.colcon_core.package_identification:_identify(.) by extensions ['ignore', 'ignore_ament_install']
[0.074s] Level 1:colcon.colcon_core.package_identification:_identify(.) by extension 'ignore'
[0.074s] Level 1:colcon.colcon_core.package_identification:_identify(.) by extension 'ignore_ament_install'
[0.074s] Level 1:colcon.colcon_core.package_identification:_identify(.) by extensions ['colcon_pkg']
[0.074s] Level 1:colcon.colcon_core.package_identification:_identify(.) by extension 'colcon_pkg'
[0.074s] Level 1:colcon.colcon_core.package_identification:_identify(.) by extensions ['colcon_meta']
[0.074s] Level 1:colcon.colcon_core.package_identification:_identify(.) by extension 'colcon_meta'
[0.074s] Level 1:colcon.colcon_core.package_identification:_identify(.) by extensions ['ros']
[0.074s] Level 1:colcon.colcon_core.package_identification:_identify(.) by extension 'ros'
[0.089s] Level 1:colcon.colcon_core.package_identification:_identify(.) by extensions ['cmake', 'python']
[0.089s] Level 1:colcon.colcon_core.package_identification:_identify(.) by extension 'cmake'
[0.089s] Level 1:colcon.colcon_core.package_identification:_identify(.) by extension 'python'
[0.089s] Level 1:colcon.colcon_core.package_identification:_identify(.) by extensions ['python_setup_py']
[0.089s] Level 1:colcon.colcon_core.package_identification:_identify(.) by extension 'python_setup_py'
[0.089s] Level 1:colcon.colcon_core.package_identification:_identify(build) by extensions ['ignore', 'ignore_ament_install']
[0.089s] Level 1:colcon.colcon_core.package_identification:_identify(build) by extension 'ignore'
[0.089s] Level 1:colcon.colcon_core.package_identification:_identify(build) ignored
[0.090s] Level 1:colcon.colcon_core.package_identification:_identify(install) by extensions ['ignore', 'ignore_ament_install']
[0.090s] Level 1:colcon.colcon_core.package_identification:_identify(install) by extension 'ignore'
[0.090s] Level 1:colcon.colcon_core.package_identification:_identify(install) ignored
[0.090s] Level 1:colcon.colcon_core.package_identification:_identify(log) by extensions ['ignore', 'ignore_ament_install']
[0.090s] Level 1:colcon.colcon_core.package_identification:_identify(log) by extension 'ignore'
[0.090s] Level 1:colcon.colcon_core.package_identification:_identify(log) ignored
[0.090s] Level 1:colcon.colcon_core.package_identification:_identify(src) by extensions ['ignore', 'ignore_ament_install']
[0.090s] Level 1:colcon.colcon_core.package_identification:_identify(src) by extension 'ignore'
[0.090s] Level 1:colcon.colcon_core.package_identification:_identify(src) by extension 'ignore_ament_install'
[0.090s] Level 1:colcon.colcon_core.package_identification:_identify(src) by extensions ['colcon_pkg']
[0.090s] Level 1:colcon.colcon_core.package_identification:_identify(src) by extension 'colcon_pkg'
[0.090s] Level 1:colcon.colcon_core.package_identification:_identify(src) by extensions ['colcon_meta']
[0.090s] Level 1:colcon.colcon_core.package_identification:_identify(src) by extension 'colcon_meta'
[0.090s] Level 1:colcon.colcon_core.package_identification:_identify(src) by extensions ['ros']
[0.090s] Level 1:colcon.colcon_core.package_identification:_identify(src) by extension 'ros'
[0.090s] Level 1:colcon.colcon_core.package_identification:_identify(src) by extensions ['cmake', 'python']
[0.090s] Level 1:colcon.colcon_core.package_identification:_identify(src) by extension 'cmake'
[0.090s] Level 1:colcon.colcon_core.package_identification:_identify(src) by extension 'python'
[0.090s] Level 1:colcon.colcon_core.package_identification:_identify(src) by extensions ['python_setup_py']
[0.090s] Level 1:colcon.colcon_core.package_identification:_identify(src) by extension 'python_setup_py'
[0.090s] Level 1:colcon.colcon_core.package_identification:_identify(src/status_display) by extensions ['ignore', 'ignore_ament_install']
[0.090s] Level 1:colcon.colcon_core.package_identification:_identify(src/status_display) by extension 'ignore'
[0.090s] Level 1:colcon.colcon_core.package_identification:_identify(src/status_display) by extension 'ignore_ament_install'
[0.090s] Level 1:colcon.colcon_core.package_identification:_identify(src/status_display) by extensions ['colcon_pkg']
[0.090s] Level 1:colcon.colcon_core.package_identification:_identify(src/status_display) by extension 'colcon_pkg'
[0.090s] Level 1:colcon.colcon_core.package_identification:_identify(src/status_display) by extensions ['colcon_meta']
[0.090s] Level 1:colcon.colcon_core.package_identification:_identify(src/status_display) by extension 'colcon_meta'
[0.090s] Level 1:colcon.colcon_core.package_identification:_identify(src/status_display) by extensions ['ros']
[0.090s] Level 1:colcon.colcon_core.package_identification:_identify(src/status_display) by extension 'ros'
[0.092s] DEBUG:colcon.colcon_core.package_identification:Package 'src/status_display' with type 'ros.ament_cmake' and name 'status_display'
[0.092s] Level 1:colcon.colcon_core.package_identification:_identify(src/status_interface) by extensions ['ignore', 'ignore_ament_install']
[0.092s] Level 1:colcon.colcon_core.package_identification:_identify(src/status_interface) by extension 'ignore'
[0.092s] Level 1:colcon.colcon_core.package_identification:_identify(src/status_interface) by extension 'ignore_ament_install'
[0.092s] Level 1:colcon.colcon_core.package_identification:_identify(src/status_interface) by extensions ['colcon_pkg']
[0.092s] Level 1:colcon.colcon_core.package_identification:_identify(src/status_interface) by extension 'colcon_pkg'
[0.092s] Level 1:colcon.colcon_core.package_identification:_identify(src/status_interface) by extensions ['colcon_meta']
[0.092s] Level 1:colcon.colcon_core.package_identification:_identify(src/status_interface) by extension 'colcon_meta'
[0.092s] Level 1:colcon.colcon_core.package_identification:_identify(src/status_interface) by extensions ['ros']
[0.092s] Level 1:colcon.colcon_core.package_identification:_identify(src/status_interface) by extension 'ros'
[0.092s] DEBUG:colcon.colcon_core.package_identification:Package 'src/status_interface' with type 'ros.ament_cmake' and name 'status_interface'
[0.092s] Level 1:colcon.colcon_core.package_identification:_identify(src/status_publisher) by extensions ['ignore', 'ignore_ament_install']
[0.092s] Level 1:colcon.colcon_core.package_identification:_identify(src/status_publisher) by extension 'ignore'
[0.092s] Level 1:colcon.colcon_core.package_identification:_identify(src/status_publisher) by extension 'ignore_ament_install'
[0.092s] Level 1:colcon.colcon_core.package_identification:_identify(src/status_publisher) by extensions ['colcon_pkg']
[0.092s] Level 1:colcon.colcon_core.package_identification:_identify(src/status_publisher) by extension 'colcon_pkg'
[0.092s] Level 1:colcon.colcon_core.package_identification:_identify(src/status_publisher) by extensions ['colcon_meta']
[0.092s] Level 1:colcon.colcon_core.package_identification:_identify(src/status_publisher) by extension 'colcon_meta'
[0.092s] Level 1:colcon.colcon_core.package_identification:_identify(src/status_publisher) by extensions ['ros']
[0.092s] Level 1:colcon.colcon_core.package_identification:_identify(src/status_publisher) by extension 'ros'
[0.093s] DEBUG:colcon.colcon_core.package_identification:Package 'src/status_publisher' with type 'ros.ament_python' and name 'status_publisher'
[0.093s] Level 1:colcon.colcon_core.package_discovery:discover_packages(recursive) using defaults
[0.093s] Level 1:colcon.colcon_core.package_discovery:discover_packages(ignore) discover
[0.093s] Level 1:colcon.colcon_core.package_discovery:discover_packages(ignore) using defaults
[0.093s] Level 1:colcon.colcon_core.package_discovery:discover_packages(path) discover
[0.093s] Level 1:colcon.colcon_core.package_discovery:discover_packages(path) using defaults
[0.103s] Level 5:colcon.colcon_core.verb:set package 'status_interface' build argument 'cmake_args' from command line to 'None'
[0.103s] Level 5:colcon.colcon_core.verb:set package 'status_interface' build argument 'cmake_target' from command line to 'None'
[0.103s] Level 5:colcon.colcon_core.verb:set package 'status_interface' build argument 'cmake_target_skip_unavailable' from command line to 'False'
[0.103s] Level 5:colcon.colcon_core.verb:set package 'status_interface' build argument 'cmake_clean_cache' from command line to 'False'
[0.103s] Level 5:colcon.colcon_core.verb:set package 'status_interface' build argument 'cmake_clean_first' from command line to 'False'
[0.103s] Level 5:colcon.colcon_core.verb:set package 'status_interface' build argument 'cmake_force_configure' from command line to 'False'
[0.103s] Level 5:colcon.colcon_core.verb:set package 'status_interface' build argument 'ament_cmake_args' from command line to 'None'
[0.103s] Level 5:colcon.colcon_core.verb:set package 'status_interface' build argument 'catkin_cmake_args' from command line to 'None'
[0.103s] Level 5:colcon.colcon_core.verb:set package 'status_interface' build argument 'catkin_skip_building_tests' from command line to 'False'
[0.103s] DEBUG:colcon.colcon_core.verb:Building package 'status_interface' with the following arguments: {'ament_cmake_args': None, 'build_base': '/home/ubuntu/chapt3/topic_practice_ws/build/status_interface', 'catkin_cmake_args': None, 'catkin_skip_building_tests': False, 'cmake_args': None, 'cmake_clean_cache': False, 'cmake_clean_first': False, 'cmake_force_configure': False, 'cmake_target': None, 'cmake_target_skip_unavailable': False, 'install_base': '/home/ubuntu/chapt3/topic_practice_ws/install/status_interface', 'merge_install': False, 'path': '/home/ubuntu/chapt3/topic_practice_ws/src/status_interface', 'symlink_install': False, 'test_result_base': None}
[0.103s] Level 5:colcon.colcon_core.verb:set package 'status_display' build argument 'cmake_args' from command line to 'None'
[0.103s] Level 5:colcon.colcon_core.verb:set package 'status_display' build argument 'cmake_target' from command line to 'None'
[0.103s] Level 5:colcon.colcon_core.verb:set package 'status_display' build argument 'cmake_target_skip_unavailable' from command line to 'False'
[0.104s] Level 5:colcon.colcon_core.verb:set package 'status_display' build argument 'cmake_clean_cache' from command line to 'False'
[0.104s] Level 5:colcon.colcon_core.verb:set package 'status_display' build argument 'cmake_clean_first' from command line to 'False'
[0.104s] Level 5:colcon.colcon_core.verb:set package 'status_display' build argument 'cmake_force_configure' from command line to 'False'
[0.104s] Level 5:colcon.colcon_core.verb:set package 'status_display' build argument 'ament_cmake_args' from command line to 'None'
[0.104s] Level 5:colcon.colcon_core.verb:set package 'status_display' build argument 'catkin_cmake_args' from command line to 'None'
[0.104s] Level 5:colcon.colcon_core.verb:set package 'status_display' build argument 'catkin_skip_building_tests' from command line to 'False'
[0.104s] DEBUG:colcon.colcon_core.verb:Building package 'status_display' with the following arguments: {'ament_cmake_args': None, 'build_base': '/home/ubuntu/chapt3/topic_practice_ws/build/status_display', 'catkin_cmake_args': None, 'catkin_skip_building_tests': False, 'cmake_args': None, 'cmake_clean_cache': False, 'cmake_clean_first': False, 'cmake_force_configure': False, 'cmake_target': None, 'cmake_target_skip_unavailable': False, 'install_base': '/home/ubuntu/chapt3/topic_practice_ws/install/status_display', 'merge_install': False, 'path': '/home/ubuntu/chapt3/topic_practice_ws/src/status_display', 'symlink_install': False, 'test_result_base': None}
[0.104s] Level 5:colcon.colcon_core.verb:set package 'status_publisher' build argument 'cmake_args' from command line to 'None'
[0.104s] Level 5:colcon.colcon_core.verb:set package 'status_publisher' build argument 'cmake_target' from command line to 'None'
[0.104s] Level 5:colcon.colcon_core.verb:set package 'status_publisher' build argument 'cmake_target_skip_unavailable' from command line to 'False'
[0.104s] Level 5:colcon.colcon_core.verb:set package 'status_publisher' build argument 'cmake_clean_cache' from command line to 'False'
[0.104s] Level 5:colcon.colcon_core.verb:set package 'status_publisher' build argument 'cmake_clean_first' from command line to 'False'
[0.104s] Level 5:colcon.colcon_core.verb:set package 'status_publisher' build argument 'cmake_force_configure' from command line to 'False'
[0.104s] Level 5:colcon.colcon_core.verb:set package 'status_publisher' build argument 'ament_cmake_args' from command line to 'None'
[0.104s] Level 5:colcon.colcon_core.verb:set package 'status_publisher' build argument 'catkin_cmake_args' from command line to 'None'
[0.104s] Level 5:colcon.colcon_core.verb:set package 'status_publisher' build argument 'catkin_skip_building_tests' from command line to 'False'
[0.104s] DEBUG:colcon.colcon_core.verb:Building package 'status_publisher' with the following arguments: {'ament_cmake_args': None, 'build_base': '/home/ubuntu/chapt3/topic_practice_ws/build/status_publisher', 'catkin_cmake_args': None, 'catkin_skip_building_tests': False, 'cmake_args': None, 'cmake_clean_cache': False, 'cmake_clean_first': False, 'cmake_force_configure': False, 'cmake_target': None, 'cmake_target_skip_unavailable': False, 'install_base': '/home/ubuntu/chapt3/topic_practice_ws/install/status_publisher', 'merge_install': False, 'path': '/home/ubuntu/chapt3/topic_practice_ws/src/status_publisher', 'symlink_install': False, 'test_result_base': None}
[0.104s] INFO:colcon.colcon_core.executor:Executing jobs using 'parallel' executor
[0.104s] DEBUG:colcon.colcon_parallel_executor.executor.parallel:run_until_complete
[0.105s] INFO:colcon.colcon_ros.task.ament_cmake.build:Building ROS package in '/home/ubuntu/chapt3/topic_practice_ws/src/status_interface' with build type 'ament_cmake'
[0.105s] INFO:colcon.colcon_cmake.task.cmake.build:Building CMake package in '/home/ubuntu/chapt3/topic_practice_ws/src/status_interface'
[0.106s] INFO:colcon.colcon_core.plugin_system:Skipping extension 'colcon_core.shell.bat': Not used on non-Windows systems
[0.106s] DEBUG:colcon.colcon_core.shell:Skip shell extension 'dsv' for command environment
[0.111s] DEBUG:colcon.colcon_core.event_handler.log_command:Invoking command in '/home/ubuntu/chapt3/topic_practice_ws/build/status_interface': CMAKE_PREFIX_PATH=${CMAKE_PREFIX_PATH}:/opt/ros/jazzy DEBUGINFOD_URLS=https://debuginfod.ubuntu.com /usr/bin/cmake --build /home/ubuntu/chapt3/topic_practice_ws/build/status_interface -- -j16 -l16
[0.350s] DEBUG:colcon.colcon_core.event_handler.log_command:Invoked command in '/home/ubuntu/chapt3/topic_practice_ws/build/status_interface' returned '0': CMAKE_PREFIX_PATH=${CMAKE_PREFIX_PATH}:/opt/ros/jazzy DEBUGINFOD_URLS=https://debuginfod.ubuntu.com /usr/bin/cmake --build /home/ubuntu/chapt3/topic_practice_ws/build/status_interface -- -j16 -l16
[0.357s] DEBUG:colcon.colcon_core.event_handler.log_command:Invoking command in '/home/ubuntu/chapt3/topic_practice_ws/build/status_interface': CMAKE_PREFIX_PATH=${CMAKE_PREFIX_PATH}:/opt/ros/jazzy DEBUGINFOD_URLS=https://debuginfod.ubuntu.com /usr/bin/cmake --install /home/ubuntu/chapt3/topic_practice_ws/build/status_interface
[0.395s] Level 1:colcon.colcon_core.environment:create_environment_scripts_only(status_interface)
[0.397s] Level 1:colcon.colcon_core.environment:checking '/home/ubuntu/chapt3/topic_practice_ws/install/status_interface' for CMake module files
[0.398s] Level 1:colcon.colcon_core.environment:checking '/home/ubuntu/chapt3/topic_practice_ws/install/status_interface' for CMake config files
[0.398s] Level 1:colcon.colcon_core.shell:create_environment_hook('status_interface', 'cmake_prefix_path')
[0.398s] INFO:colcon.colcon_core.shell:Creating environment descriptor '/home/ubuntu/chapt3/topic_practice_ws/install/status_interface/share/status_interface/hook/cmake_prefix_path.dsv'
[0.400s] INFO:colcon.colcon_core.shell:Creating environment hook '/home/ubuntu/chapt3/topic_practice_ws/install/status_interface/share/status_interface/hook/cmake_prefix_path.sh'
[0.400s] DEBUG:colcon.colcon_core.event_handler.log_command:Invoked command in '/home/ubuntu/chapt3/topic_practice_ws/build/status_interface' returned '0': CMAKE_PREFIX_PATH=${CMAKE_PREFIX_PATH}:/opt/ros/jazzy DEBUGINFOD_URLS=https://debuginfod.ubuntu.com /usr/bin/cmake --install /home/ubuntu/chapt3/topic_practice_ws/build/status_interface
[0.400s] Level 1:colcon.colcon_core.environment:checking '/home/ubuntu/chapt3/topic_practice_ws/install/status_interface/lib'
[0.400s] Level 1:colcon.colcon_core.shell:create_environment_hook('status_interface', 'ld_library_path_lib')
[0.400s] INFO:colcon.colcon_core.shell:Creating environment descriptor '/home/ubuntu/chapt3/topic_practice_ws/install/status_interface/share/status_interface/hook/ld_library_path_lib.dsv'
[0.401s] INFO:colcon.colcon_core.shell:Creating environment hook '/home/ubuntu/chapt3/topic_practice_ws/install/status_interface/share/status_interface/hook/ld_library_path_lib.sh'
[0.401s] Level 1:colcon.colcon_core.environment:checking '/home/ubuntu/chapt3/topic_practice_ws/install/status_interface/bin'
[0.401s] Level 1:colcon.colcon_core.environment:checking '/home/ubuntu/chapt3/topic_practice_ws/install/status_interface/lib/pkgconfig/status_interface.pc'
[0.402s] Level 1:colcon.colcon_core.environment:checking '/home/ubuntu/chapt3/topic_practice_ws/install/status_interface/lib/python3.12/site-packages'
[0.402s] Level 1:colcon.colcon_core.shell:create_environment_hook('status_interface', 'pythonpath')
[0.402s] INFO:colcon.colcon_core.shell:Creating environment descriptor '/home/ubuntu/chapt3/topic_practice_ws/install/status_interface/share/status_interface/hook/pythonpath.dsv'
[0.402s] INFO:colcon.colcon_core.shell:Creating environment hook '/home/ubuntu/chapt3/topic_practice_ws/install/status_interface/share/status_interface/hook/pythonpath.sh'
[0.403s] Level 1:colcon.colcon_core.environment:checking '/home/ubuntu/chapt3/topic_practice_ws/install/status_interface/bin'
[0.403s] INFO:colcon.colcon_core.shell:Creating package descriptor '/home/ubuntu/chapt3/topic_practice_ws/install/status_interface/share/status_interface/package.dsv'
[0.403s] INFO:colcon.colcon_core.shell:Creating package script '/home/ubuntu/chapt3/topic_practice_ws/install/status_interface/share/status_interface/package.sh'
[0.404s] INFO:colcon.colcon_core.shell:Creating package script '/home/ubuntu/chapt3/topic_practice_ws/install/status_interface/share/status_interface/package.bash'
[0.404s] INFO:colcon.colcon_core.shell:Creating package script '/home/ubuntu/chapt3/topic_practice_ws/install/status_interface/share/status_interface/package.zsh'
[0.404s] Level 1:colcon.colcon_core.environment:create_file_with_runtime_dependencies(/home/ubuntu/chapt3/topic_practice_ws/install/status_interface/share/colcon-core/packages/status_interface)
[0.404s] Level 1:colcon.colcon_core.environment:create_environment_scripts_only(status_interface)
[0.405s] Level 1:colcon.colcon_core.environment:checking '/home/ubuntu/chapt3/topic_practice_ws/install/status_interface' for CMake module files
[0.405s] Level 1:colcon.colcon_core.environment:checking '/home/ubuntu/chapt3/topic_practice_ws/install/status_interface' for CMake config files
[0.405s] Level 1:colcon.colcon_core.shell:create_environment_hook('status_interface', 'cmake_prefix_path')
[0.405s] INFO:colcon.colcon_core.shell:Creating environment descriptor '/home/ubuntu/chapt3/topic_practice_ws/install/status_interface/share/status_interface/hook/cmake_prefix_path.dsv'
[0.405s] INFO:colcon.colcon_core.shell:Creating environment hook '/home/ubuntu/chapt3/topic_practice_ws/install/status_interface/share/status_interface/hook/cmake_prefix_path.sh'
[0.406s] Level 1:colcon.colcon_core.environment:checking '/home/ubuntu/chapt3/topic_practice_ws/install/status_interface/lib'
[0.406s] Level 1:colcon.colcon_core.shell:create_environment_hook('status_interface', 'ld_library_path_lib')
[0.406s] INFO:colcon.colcon_core.shell:Creating environment descriptor '/home/ubuntu/chapt3/topic_practice_ws/install/status_interface/share/status_interface/hook/ld_library_path_lib.dsv'
[0.406s] INFO:colcon.colcon_core.shell:Creating environment hook '/home/ubuntu/chapt3/topic_practice_ws/install/status_interface/share/status_interface/hook/ld_library_path_lib.sh'
[0.406s] Level 1:colcon.colcon_core.environment:checking '/home/ubuntu/chapt3/topic_practice_ws/install/status_interface/bin'
[0.406s] Level 1:colcon.colcon_core.environment:checking '/home/ubuntu/chapt3/topic_practice_ws/install/status_interface/lib/pkgconfig/status_interface.pc'
[0.406s] Level 1:colcon.colcon_core.environment:checking '/home/ubuntu/chapt3/topic_practice_ws/install/status_interface/lib/python3.12/site-packages'
[0.406s] Level 1:colcon.colcon_core.shell:create_environment_hook('status_interface', 'pythonpath')
[0.406s] INFO:colcon.colcon_core.shell:Creating environment descriptor '/home/ubuntu/chapt3/topic_practice_ws/install/status_interface/share/status_interface/hook/pythonpath.dsv'
[0.407s] INFO:colcon.colcon_core.shell:Creating environment hook '/home/ubuntu/chapt3/topic_practice_ws/install/status_interface/share/status_interface/hook/pythonpath.sh'
[0.407s] Level 1:colcon.colcon_core.environment:checking '/home/ubuntu/chapt3/topic_practice_ws/install/status_interface/bin'
[0.407s] INFO:colcon.colcon_core.shell:Creating package descriptor '/home/ubuntu/chapt3/topic_practice_ws/install/status_interface/share/status_interface/package.dsv'
[0.407s] INFO:colcon.colcon_core.shell:Creating package script '/home/ubuntu/chapt3/topic_practice_ws/install/status_interface/share/status_interface/package.sh'
[0.408s] INFO:colcon.colcon_core.shell:Creating package script '/home/ubuntu/chapt3/topic_practice_ws/install/status_interface/share/status_interface/package.bash'
[0.408s] INFO:colcon.colcon_core.shell:Creating package script '/home/ubuntu/chapt3/topic_practice_ws/install/status_interface/share/status_interface/package.zsh'
[0.408s] Level 1:colcon.colcon_core.environment:create_file_with_runtime_dependencies(/home/ubuntu/chapt3/topic_practice_ws/install/status_interface/share/colcon-core/packages/status_interface)
[0.408s] INFO:colcon.colcon_ros.task.ament_cmake.build:Building ROS package in '/home/ubuntu/chapt3/topic_practice_ws/src/status_display' with build type 'ament_cmake'
[0.408s] INFO:colcon.colcon_cmake.task.cmake.build:Building CMake package in '/home/ubuntu/chapt3/topic_practice_ws/src/status_display'
[0.408s] DEBUG:colcon.colcon_core.shell:Skip shell extension 'dsv' for command environment
[0.412s] INFO:colcon.colcon_ros.task.ament_python.build:Building ROS package in '/home/ubuntu/chapt3/topic_practice_ws/src/status_publisher' with build type 'ament_python'
[0.412s] Level 1:colcon.colcon_core.shell:create_environment_hook('status_publisher', 'ament_prefix_path')
[0.412s] INFO:colcon.colcon_core.shell:Creating environment descriptor '/home/ubuntu/chapt3/topic_practice_ws/install/status_publisher/share/status_publisher/hook/ament_prefix_path.dsv'
[0.413s] INFO:colcon.colcon_core.shell:Creating environment hook '/home/ubuntu/chapt3/topic_practice_ws/install/status_publisher/share/status_publisher/hook/ament_prefix_path.sh'
[0.413s] DEBUG:colcon.colcon_core.shell:Skip shell extension 'dsv' for command environment
[0.417s] DEBUG:colcon.colcon_core.event_handler.log_command:Invoking command in '/home/ubuntu/chapt3/topic_practice_ws/build/status_display': AMENT_PREFIX_PATH=/home/ubuntu/chapt3/topic_practice_ws/install/status_interface:${AMENT_PREFIX_PATH} CMAKE_PREFIX_PATH=/home/ubuntu/chapt3/topic_practice_ws/install/status_interface:/opt/ros/jazzy/opt/gz_math_vendor:/opt/ros/jazzy/opt/gz_utils_vendor:/opt/ros/jazzy/opt/gz_cmake_vendor:/opt/ros/jazzy DEBUGINFOD_URLS=https://debuginfod.ubuntu.com LD_LIBRARY_PATH=/home/ubuntu/chapt3/topic_practice_ws/install/status_interface/lib:${LD_LIBRARY_PATH} PYTHONPATH=/home/ubuntu/chapt3/topic_practice_ws/install/status_interface/lib/python3.12/site-packages:${PYTHONPATH} /usr/bin/cmake --build /home/ubuntu/chapt3/topic_practice_ws/build/status_display -- -j16 -l16
[0.537s] INFO:colcon.colcon_core.task.python.build:Building Python package in '/home/ubuntu/chapt3/topic_practice_ws/src/status_publisher'
[0.537s] DEBUG:colcon.colcon_core.shell:Skip shell extension 'dsv' for command environment
[0.540s] DEBUG:colcon.colcon_core.event_handler.log_command:Invoked command in '/home/ubuntu/chapt3/topic_practice_ws/build/status_display' returned '0': AMENT_PREFIX_PATH=/home/ubuntu/chapt3/topic_practice_ws/install/status_interface:${AMENT_PREFIX_PATH} CMAKE_PREFIX_PATH=/home/ubuntu/chapt3/topic_practice_ws/install/status_interface:/opt/ros/jazzy/opt/gz_math_vendor:/opt/ros/jazzy/opt/gz_utils_vendor:/opt/ros/jazzy/opt/gz_cmake_vendor:/opt/ros/jazzy DEBUGINFOD_URLS=https://debuginfod.ubuntu.com LD_LIBRARY_PATH=/home/ubuntu/chapt3/topic_practice_ws/install/status_interface/lib:${LD_LIBRARY_PATH} PYTHONPATH=/home/ubuntu/chapt3/topic_practice_ws/install/status_interface/lib/python3.12/site-packages:${PYTHONPATH} /usr/bin/cmake --build /home/ubuntu/chapt3/topic_practice_ws/build/status_display -- -j16 -l16
[0.540s] DEBUG:colcon.colcon_core.event_handler.log_command:Invoking command in '/home/ubuntu/chapt3/topic_practice_ws/build/status_display': AMENT_PREFIX_PATH=/home/ubuntu/chapt3/topic_practice_ws/install/status_interface:${AMENT_PREFIX_PATH} CMAKE_PREFIX_PATH=/home/ubuntu/chapt3/topic_practice_ws/install/status_interface:/opt/ros/jazzy/opt/gz_math_vendor:/opt/ros/jazzy/opt/gz_utils_vendor:/opt/ros/jazzy/opt/gz_cmake_vendor:/opt/ros/jazzy DEBUGINFOD_URLS=https://debuginfod.ubuntu.com LD_LIBRARY_PATH=/home/ubuntu/chapt3/topic_practice_ws/install/status_interface/lib:${LD_LIBRARY_PATH} PYTHONPATH=/home/ubuntu/chapt3/topic_practice_ws/install/status_interface/lib/python3.12/site-packages:${PYTHONPATH} /usr/bin/cmake --install /home/ubuntu/chapt3/topic_practice_ws/build/status_display
[0.550s] Level 1:colcon.colcon_core.environment:create_environment_scripts_only(status_display)
[0.550s] Level 1:colcon.colcon_core.environment:checking '/home/ubuntu/chapt3/topic_practice_ws/install/status_display' for CMake module files
[0.550s] DEBUG:colcon.colcon_core.event_handler.log_command:Invoked command in '/home/ubuntu/chapt3/topic_practice_ws/build/status_display' returned '0': AMENT_PREFIX_PATH=/home/ubuntu/chapt3/topic_practice_ws/install/status_interface:${AMENT_PREFIX_PATH} CMAKE_PREFIX_PATH=/home/ubuntu/chapt3/topic_practice_ws/install/status_interface:/opt/ros/jazzy/opt/gz_math_vendor:/opt/ros/jazzy/opt/gz_utils_vendor:/opt/ros/jazzy/opt/gz_cmake_vendor:/opt/ros/jazzy DEBUGINFOD_URLS=https://debuginfod.ubuntu.com LD_LIBRARY_PATH=/home/ubuntu/chapt3/topic_practice_ws/install/status_interface/lib:${LD_LIBRARY_PATH} PYTHONPATH=/home/ubuntu/chapt3/topic_practice_ws/install/status_interface/lib/python3.12/site-packages:${PYTHONPATH} /usr/bin/cmake --install /home/ubuntu/chapt3/topic_practice_ws/build/status_display
[0.551s] Level 1:colcon.colcon_core.environment:checking '/home/ubuntu/chapt3/topic_practice_ws/install/status_display' for CMake config files
[0.551s] Level 1:colcon.colcon_core.shell:create_environment_hook('status_display', 'cmake_prefix_path')
[0.551s] INFO:colcon.colcon_core.shell:Creating environment descriptor '/home/ubuntu/chapt3/topic_practice_ws/install/status_display/share/status_display/hook/cmake_prefix_path.dsv'
[0.552s] INFO:colcon.colcon_core.shell:Creating environment hook '/home/ubuntu/chapt3/topic_practice_ws/install/status_display/share/status_display/hook/cmake_prefix_path.sh'
[0.552s] Level 1:colcon.colcon_core.environment:checking '/home/ubuntu/chapt3/topic_practice_ws/install/status_display/lib'
[0.552s] Level 1:colcon.colcon_core.environment:checking '/home/ubuntu/chapt3/topic_practice_ws/install/status_display/bin'
[0.552s] Level 1:colcon.colcon_core.environment:checking '/home/ubuntu/chapt3/topic_practice_ws/install/status_display/lib/pkgconfig/status_display.pc'
[0.552s] Level 1:colcon.colcon_core.environment:checking '/home/ubuntu/chapt3/topic_practice_ws/install/status_display/lib/python3.12/site-packages'
[0.552s] Level 1:colcon.colcon_core.environment:checking '/home/ubuntu/chapt3/topic_practice_ws/install/status_display/bin'
[0.553s] INFO:colcon.colcon_core.shell:Creating package descriptor '/home/ubuntu/chapt3/topic_practice_ws/install/status_display/share/status_display/package.dsv'
[0.553s] INFO:colcon.colcon_core.shell:Creating package script '/home/ubuntu/chapt3/topic_practice_ws/install/status_display/share/status_display/package.sh'
[0.553s] INFO:colcon.colcon_core.shell:Creating package script '/home/ubuntu/chapt3/topic_practice_ws/install/status_display/share/status_display/package.bash'
[0.554s] INFO:colcon.colcon_core.shell:Creating package script '/home/ubuntu/chapt3/topic_practice_ws/install/status_display/share/status_display/package.zsh'
[0.554s] Level 1:colcon.colcon_core.environment:create_file_with_runtime_dependencies(/home/ubuntu/chapt3/topic_practice_ws/install/status_display/share/colcon-core/packages/status_display)
[0.554s] Level 1:colcon.colcon_core.environment:create_environment_scripts_only(status_display)
[0.555s] Level 1:colcon.colcon_core.environment:checking '/home/ubuntu/chapt3/topic_practice_ws/install/status_display' for CMake module files
[0.555s] Level 1:colcon.colcon_core.environment:checking '/home/ubuntu/chapt3/topic_practice_ws/install/status_display' for CMake config files
[0.555s] Level 1:colcon.colcon_core.shell:create_environment_hook('status_display', 'cmake_prefix_path')
[0.555s] INFO:colcon.colcon_core.shell:Creating environment descriptor '/home/ubuntu/chapt3/topic_practice_ws/install/status_display/share/status_display/hook/cmake_prefix_path.dsv'
[0.555s] INFO:colcon.colcon_core.shell:Creating environment hook '/home/ubuntu/chapt3/topic_practice_ws/install/status_display/share/status_display/hook/cmake_prefix_path.sh'
[0.556s] Level 1:colcon.colcon_core.environment:checking '/home/ubuntu/chapt3/topic_practice_ws/install/status_display/lib'
[0.556s] Level 1:colcon.colcon_core.environment:checking '/home/ubuntu/chapt3/topic_practice_ws/install/status_display/bin'
[0.556s] Level 1:colcon.colcon_core.environment:checking '/home/ubuntu/chapt3/topic_practice_ws/install/status_display/lib/pkgconfig/status_display.pc'
[0.556s] Level 1:colcon.colcon_core.environment:checking '/home/ubuntu/chapt3/topic_practice_ws/install/status_display/lib/python3.12/site-packages'
[0.556s] Level 1:colcon.colcon_core.environment:checking '/home/ubuntu/chapt3/topic_practice_ws/install/status_display/bin'
[0.556s] INFO:colcon.colcon_core.shell:Creating package descriptor '/home/ubuntu/chapt3/topic_practice_ws/install/status_display/share/status_display/package.dsv'
[0.557s] INFO:colcon.colcon_core.shell:Creating package script '/home/ubuntu/chapt3/topic_practice_ws/install/status_display/share/status_display/package.sh'
[0.557s] INFO:colcon.colcon_core.shell:Creating package script '/home/ubuntu/chapt3/topic_practice_ws/install/status_display/share/status_display/package.bash'
[0.557s] INFO:colcon.colcon_core.shell:Creating package script '/home/ubuntu/chapt3/topic_practice_ws/install/status_display/share/status_display/package.zsh'
[0.557s] Level 1:colcon.colcon_core.environment:create_file_with_runtime_dependencies(/home/ubuntu/chapt3/topic_practice_ws/install/status_display/share/colcon-core/packages/status_display)
[0.864s] DEBUG:colcon.colcon_core.event_handler.log_command:Invoking command in '/home/ubuntu/chapt3/topic_practice_ws/src/status_publisher': AMENT_PREFIX_PATH=/home/ubuntu/chapt3/topic_practice_ws/install/status_interface:${AMENT_PREFIX_PATH} CMAKE_PREFIX_PATH=/home/ubuntu/chapt3/topic_practice_ws/install/status_interface:${CMAKE_PREFIX_PATH} DEBUGINFOD_URLS=https://debuginfod.ubuntu.com LD_LIBRARY_PATH=/home/ubuntu/chapt3/topic_practice_ws/install/status_interface/lib:${LD_LIBRARY_PATH} PYTHONPATH=/home/ubuntu/chapt3/topic_practice_ws/build/status_publisher/prefix_override:/usr/lib/python3/dist-packages/colcon_core/task/python/colcon_distutils_commands:/home/ubuntu/chapt3/topic_practice_ws/install/status_publisher/lib/python3.12/site-packages:/home/ubuntu/chapt3/topic_practice_ws/install/status_interface/lib/python3.12/site-packages:${PYTHONPATH} /usr/bin/python3 -W ignore:setup.py install is deprecated -W ignore:easy_install command is deprecated setup.py egg_info --egg-base ../../build/status_publisher build --build-base /home/ubuntu/chapt3/topic_practice_ws/build/status_publisher/build install --record /home/ubuntu/chapt3/topic_practice_ws/build/status_publisher/install.log --single-version-externally-managed install_data
[1.144s] Level 1:colcon.colcon_core.environment:checking '/home/ubuntu/chapt3/topic_practice_ws/install/status_publisher' for CMake module files
[1.144s] DEBUG:colcon.colcon_core.event_handler.log_command:Invoked command in '/home/ubuntu/chapt3/topic_practice_ws/src/status_publisher' returned '0': AMENT_PREFIX_PATH=/home/ubuntu/chapt3/topic_practice_ws/install/status_interface:${AMENT_PREFIX_PATH} CMAKE_PREFIX_PATH=/home/ubuntu/chapt3/topic_practice_ws/install/status_interface:${CMAKE_PREFIX_PATH} DEBUGINFOD_URLS=https://debuginfod.ubuntu.com LD_LIBRARY_PATH=/home/ubuntu/chapt3/topic_practice_ws/install/status_interface/lib:${LD_LIBRARY_PATH} PYTHONPATH=/home/ubuntu/chapt3/topic_practice_ws/build/status_publisher/prefix_override:/usr/lib/python3/dist-packages/colcon_core/task/python/colcon_distutils_commands:/home/ubuntu/chapt3/topic_practice_ws/install/status_publisher/lib/python3.12/site-packages:/home/ubuntu/chapt3/topic_practice_ws/install/status_interface/lib/python3.12/site-packages:${PYTHONPATH} /usr/bin/python3 -W ignore:setup.py install is deprecated -W ignore:easy_install command is deprecated setup.py egg_info --egg-base ../../build/status_publisher build --build-base /home/ubuntu/chapt3/topic_practice_ws/build/status_publisher/build install --record /home/ubuntu/chapt3/topic_practice_ws/build/status_publisher/install.log --single-version-externally-managed install_data
[1.145s] Level 1:colcon.colcon_core.environment:checking '/home/ubuntu/chapt3/topic_practice_ws/install/status_publisher' for CMake config files
[1.145s] Level 1:colcon.colcon_core.environment:checking '/home/ubuntu/chapt3/topic_practice_ws/install/status_publisher/lib'
[1.145s] Level 1:colcon.colcon_core.environment:checking '/home/ubuntu/chapt3/topic_practice_ws/install/status_publisher/bin'
[1.145s] Level 1:colcon.colcon_core.environment:checking '/home/ubuntu/chapt3/topic_practice_ws/install/status_publisher/lib/pkgconfig/status_publisher.pc'
[1.145s] Level 1:colcon.colcon_core.environment:checking '/home/ubuntu/chapt3/topic_practice_ws/install/status_publisher/lib/python3.12/site-packages'
[1.145s] Level 1:colcon.colcon_core.shell:create_environment_hook('status_publisher', 'pythonpath')
[1.146s] INFO:colcon.colcon_core.shell:Creating environment descriptor '/home/ubuntu/chapt3/topic_practice_ws/install/status_publisher/share/status_publisher/hook/pythonpath.dsv'
[1.146s] INFO:colcon.colcon_core.shell:Creating environment hook '/home/ubuntu/chapt3/topic_practice_ws/install/status_publisher/share/status_publisher/hook/pythonpath.sh'
[1.147s] Level 1:colcon.colcon_core.environment:checking '/home/ubuntu/chapt3/topic_practice_ws/install/status_publisher/bin'
[1.147s] Level 1:colcon.colcon_core.environment:create_environment_scripts_only(status_publisher)
[1.147s] INFO:colcon.colcon_core.shell:Creating package descriptor '/home/ubuntu/chapt3/topic_practice_ws/install/status_publisher/share/status_publisher/package.dsv'
[1.147s] INFO:colcon.colcon_core.shell:Creating package script '/home/ubuntu/chapt3/topic_practice_ws/install/status_publisher/share/status_publisher/package.sh'
[1.147s] INFO:colcon.colcon_core.shell:Creating package script '/home/ubuntu/chapt3/topic_practice_ws/install/status_publisher/share/status_publisher/package.bash'
[1.148s] INFO:colcon.colcon_core.shell:Creating package script '/home/ubuntu/chapt3/topic_practice_ws/install/status_publisher/share/status_publisher/package.zsh'
[1.148s] Level 1:colcon.colcon_core.environment:create_file_with_runtime_dependencies(/home/ubuntu/chapt3/topic_practice_ws/install/status_publisher/share/colcon-core/packages/status_publisher)
[1.148s] DEBUG:colcon.colcon_parallel_executor.executor.parallel:closing loop
[1.148s] DEBUG:colcon.colcon_parallel_executor.executor.parallel:loop closed
[1.148s] DEBUG:colcon.colcon_parallel_executor.executor.parallel:run_until_complete finished with '0'
[1.148s] DEBUG:colcon.colcon_core.event_reactor:joining thread
[1.152s] INFO:colcon.colcon_core.plugin_system:Skipping extension 'colcon_notification.desktop_notification.terminal_notifier': Not used on non-Darwin systems
[1.152s] INFO:colcon.colcon_core.plugin_system:Skipping extension 'colcon_notification.desktop_notification.win32': Not used on non-Windows systems
[1.152s] INFO:colcon.colcon_notification.desktop_notification:Sending desktop notification using 'notify2'
[1.174s] DEBUG:colcon.colcon_core.event_reactor:joined thread
[1.175s] INFO:colcon.colcon_core.shell:Creating prefix script '/home/ubuntu/chapt3/topic_practice_ws/install/local_setup.sh'
[1.175s] INFO:colcon.colcon_core.shell:Creating prefix util module '/home/ubuntu/chapt3/topic_practice_ws/install/_local_setup_util_sh.py'
[1.176s] INFO:colcon.colcon_core.shell:Creating prefix chain script '/home/ubuntu/chapt3/topic_practice_ws/install/setup.sh'
[1.177s] INFO:colcon.colcon_core.shell:Creating prefix script '/home/ubuntu/chapt3/topic_practice_ws/install/local_setup.bash'
[1.178s] INFO:colcon.colcon_core.shell:Creating prefix chain script '/home/ubuntu/chapt3/topic_practice_ws/install/setup.bash'
[1.178s] INFO:colcon.colcon_core.shell:Creating prefix script '/home/ubuntu/chapt3/topic_practice_ws/install/local_setup.zsh'
[1.179s] INFO:colcon.colcon_core.shell:Creating prefix chain script '/home/ubuntu/chapt3/topic_practice_ws/install/setup.zsh'
