[0.007s] Invoking command in '/home/ubuntu/chapt3/topic_ws/build/demo_cpp_topic': CMAKE_PREFIX_PATH=${CMAKE_PREFIX_PATH}:/opt/ros/jazzy DEBUGINFOD_URLS=https://debuginfod.ubuntu.com /usr/bin/cmake --build /home/ubuntu/chapt3/topic_ws/build/demo_cpp_topic -- -j16 -l16
[0.053s] [ 50%] Built target turtle_cricle
[0.057s] [ 75%] [32mBuilding CXX object CMakeFiles/turtle_control.dir/src/turtle_control.cpp.o[0m
[4.976s] [100%] [32m[1mLinking CXX executable turtle_control[0m
[5.216s] [100%] Built target turtle_control
[5.224s] Invoked command in '/home/ubuntu/chapt3/topic_ws/build/demo_cpp_topic' returned '0': CMAKE_PREFIX_PATH=${CMAKE_PREFIX_PATH}:/opt/ros/jazzy DEBUGINFOD_URLS=https://debuginfod.ubuntu.com /usr/bin/cmake --build /home/ubuntu/chapt3/topic_ws/build/demo_cpp_topic -- -j16 -l16
[5.230s] Invoking command in '/home/ubuntu/chapt3/topic_ws/build/demo_cpp_topic': CMAKE_PREFIX_PATH=${CMAKE_PREFIX_PATH}:/opt/ros/jazzy DEBUGINFOD_URLS=https://debuginfod.ubuntu.com /usr/bin/cmake --install /home/ubuntu/chapt3/topic_ws/build/demo_cpp_topic
[5.235s] -- Install configuration: ""
[5.236s] -- Installing: /home/ubuntu/chapt3/topic_ws/install/demo_cpp_topic/lib/demo_cpp_topic/turtle_cricle
[5.237s] -- Set non-toolchain portion of runtime path of "/home/ubuntu/chapt3/topic_ws/install/demo_cpp_topic/lib/demo_cpp_topic/turtle_cricle" to ""
[5.237s] -- Installing: /home/ubuntu/chapt3/topic_ws/install/demo_cpp_topic/lib/demo_cpp_topic/turtle_control
[5.239s] -- Set non-toolchain portion of runtime path of "/home/ubuntu/chapt3/topic_ws/install/demo_cpp_topic/lib/demo_cpp_topic/turtle_control" to ""
[5.239s] -- Up-to-date: /home/ubuntu/chapt3/topic_ws/install/demo_cpp_topic/share/ament_index/resource_index/package_run_dependencies/demo_cpp_topic
[5.239s] -- Up-to-date: /home/ubuntu/chapt3/topic_ws/install/demo_cpp_topic/share/ament_index/resource_index/parent_prefix_path/demo_cpp_topic
[5.239s] -- Up-to-date: /home/ubuntu/chapt3/topic_ws/install/demo_cpp_topic/share/demo_cpp_topic/environment/ament_prefix_path.sh
[5.239s] -- Up-to-date: /home/ubuntu/chapt3/topic_ws/install/demo_cpp_topic/share/demo_cpp_topic/environment/ament_prefix_path.dsv
[5.239s] -- Up-to-date: /home/ubuntu/chapt3/topic_ws/install/demo_cpp_topic/share/demo_cpp_topic/environment/path.sh
[5.239s] -- Up-to-date: /home/ubuntu/chapt3/topic_ws/install/demo_cpp_topic/share/demo_cpp_topic/environment/path.dsv
[5.239s] -- Up-to-date: /home/ubuntu/chapt3/topic_ws/install/demo_cpp_topic/share/demo_cpp_topic/local_setup.bash
[5.239s] -- Up-to-date: /home/ubuntu/chapt3/topic_ws/install/demo_cpp_topic/share/demo_cpp_topic/local_setup.sh
[5.240s] -- Up-to-date: /home/ubuntu/chapt3/topic_ws/install/demo_cpp_topic/share/demo_cpp_topic/local_setup.zsh
[5.240s] -- Up-to-date: /home/ubuntu/chapt3/topic_ws/install/demo_cpp_topic/share/demo_cpp_topic/local_setup.dsv
[5.240s] -- Installing: /home/ubuntu/chapt3/topic_ws/install/demo_cpp_topic/share/demo_cpp_topic/package.dsv
[5.241s] -- Up-to-date: /home/ubuntu/chapt3/topic_ws/install/demo_cpp_topic/share/ament_index/resource_index/packages/demo_cpp_topic
[5.241s] -- Up-to-date: /home/ubuntu/chapt3/topic_ws/install/demo_cpp_topic/share/demo_cpp_topic/cmake/demo_cpp_topicConfig.cmake
[5.241s] -- Up-to-date: /home/ubuntu/chapt3/topic_ws/install/demo_cpp_topic/share/demo_cpp_topic/cmake/demo_cpp_topicConfig-version.cmake
[5.241s] -- Up-to-date: /home/ubuntu/chapt3/topic_ws/install/demo_cpp_topic/share/demo_cpp_topic/package.xml
[5.241s] Invoked command in '/home/ubuntu/chapt3/topic_ws/build/demo_cpp_topic' returned '0': CMAKE_PREFIX_PATH=${CMAKE_PREFIX_PATH}:/opt/ros/jazzy DEBUGINFOD_URLS=https://debuginfod.ubuntu.com /usr/bin/cmake --install /home/ubuntu/chapt3/topic_ws/build/demo_cpp_topic
