[0.404s] Invoking command in '/home/ubuntu/chapt3/topic_ws/src/demo_python_topic': DEBUGINFOD_URLS=https://debuginfod.ubuntu.com PYTHONPATH=/home/ubuntu/chapt3/topic_ws/build/demo_python_topic/prefix_override:/usr/lib/python3/dist-packages/colcon_core/task/python/colcon_distutils_commands:/home/ubuntu/chapt3/topic_ws/install/demo_python_topic/lib/python3.12/site-packages:${PYTHONPATH} /usr/bin/python3 -W ignore:setup.py install is deprecated -W ignore:easy_install command is deprecated setup.py egg_info --egg-base ../../build/demo_python_topic build --build-base /home/ubuntu/chapt3/topic_ws/build/demo_python_topic/build install --record /home/ubuntu/chapt3/topic_ws/build/demo_python_topic/install.log --single-version-externally-managed install_data
[0.547s] running egg_info
[0.548s] creating ../../build/demo_python_topic/demo_python_topic.egg-info
[0.556s] writing ../../build/demo_python_topic/demo_python_topic.egg-info/PKG-INFO
[0.556s] writing dependency_links to ../../build/demo_python_topic/demo_python_topic.egg-info/dependency_links.txt
[0.557s] writing entry points to ../../build/demo_python_topic/demo_python_topic.egg-info/entry_points.txt
[0.557s] writing requirements to ../../build/demo_python_topic/demo_python_topic.egg-info/requires.txt
[0.557s] writing top-level names to ../../build/demo_python_topic/demo_python_topic.egg-info/top_level.txt
[0.557s] writing manifest file '../../build/demo_python_topic/demo_python_topic.egg-info/SOURCES.txt'
[0.573s] reading manifest file '../../build/demo_python_topic/demo_python_topic.egg-info/SOURCES.txt'
[0.573s] adding license file 'LICENSE'
[0.574s] writing manifest file '../../build/demo_python_topic/demo_python_topic.egg-info/SOURCES.txt'
[0.574s] running build
[0.574s] running build_py
[0.574s] creating /home/ubuntu/chapt3/topic_ws/build/demo_python_topic/build
[0.574s] creating /home/ubuntu/chapt3/topic_ws/build/demo_python_topic/build/lib
[0.574s] creating /home/ubuntu/chapt3/topic_ws/build/demo_python_topic/build/lib/demo_python_topic
[0.574s] copying demo_python_topic/demo_python_pub.py -> /home/ubuntu/chapt3/topic_ws/build/demo_python_topic/build/lib/demo_python_topic
[0.574s] copying demo_python_topic/__init__.py -> /home/ubuntu/chapt3/topic_ws/build/demo_python_topic/build/lib/demo_python_topic
[0.574s] running install
[0.578s] running install_lib
[0.586s] creating /home/ubuntu/chapt3/topic_ws/install/demo_python_topic/lib/python3.12/site-packages/demo_python_topic
[0.586s] copying /home/ubuntu/chapt3/topic_ws/build/demo_python_topic/build/lib/demo_python_topic/demo_python_pub.py -> /home/ubuntu/chapt3/topic_ws/install/demo_python_topic/lib/python3.12/site-packages/demo_python_topic
[0.586s] copying /home/ubuntu/chapt3/topic_ws/build/demo_python_topic/build/lib/demo_python_topic/__init__.py -> /home/ubuntu/chapt3/topic_ws/install/demo_python_topic/lib/python3.12/site-packages/demo_python_topic
[0.586s] byte-compiling /home/ubuntu/chapt3/topic_ws/install/demo_python_topic/lib/python3.12/site-packages/demo_python_topic/demo_python_pub.py to demo_python_pub.cpython-312.pyc
[0.586s] byte-compiling /home/ubuntu/chapt3/topic_ws/install/demo_python_topic/lib/python3.12/site-packages/demo_python_topic/__init__.py to __init__.cpython-312.pyc
[0.587s] running install_data
[0.587s] creating /home/ubuntu/chapt3/topic_ws/install/demo_python_topic/share/ament_index
[0.587s] creating /home/ubuntu/chapt3/topic_ws/install/demo_python_topic/share/ament_index/resource_index
[0.587s] creating /home/ubuntu/chapt3/topic_ws/install/demo_python_topic/share/ament_index/resource_index/packages
[0.587s] copying resource/demo_python_topic -> /home/ubuntu/chapt3/topic_ws/install/demo_python_topic/share/ament_index/resource_index/packages
[0.587s] copying package.xml -> /home/ubuntu/chapt3/topic_ws/install/demo_python_topic/share/demo_python_topic
[0.587s] running install_egg_info
[0.595s] Copying ../../build/demo_python_topic/demo_python_topic.egg-info to /home/ubuntu/chapt3/topic_ws/install/demo_python_topic/lib/python3.12/site-packages/demo_python_topic-0.0.0-py3.12.egg-info
[0.596s] running install_scripts
[0.664s] Installing novel_pub_node script to /home/ubuntu/chapt3/topic_ws/install/demo_python_topic/lib/demo_python_topic
[0.664s] writing list of installed files to '/home/ubuntu/chapt3/topic_ws/build/demo_python_topic/install.log'
[0.679s] Invoked command in '/home/ubuntu/chapt3/topic_ws/src/demo_python_topic' returned '0': DEBUGINFOD_URLS=https://debuginfod.ubuntu.com PYTHONPATH=/home/ubuntu/chapt3/topic_ws/build/demo_python_topic/prefix_override:/usr/lib/python3/dist-packages/colcon_core/task/python/colcon_distutils_commands:/home/ubuntu/chapt3/topic_ws/install/demo_python_topic/lib/python3.12/site-packages:${PYTHONPATH} /usr/bin/python3 -W ignore:setup.py install is deprecated -W ignore:easy_install command is deprecated setup.py egg_info --egg-base ../../build/demo_python_topic build --build-base /home/ubuntu/chapt3/topic_ws/build/demo_python_topic/build install --record /home/ubuntu/chapt3/topic_ws/build/demo_python_topic/install.log --single-version-externally-managed install_data
