[0.006s] Invoking command in '/home/ubuntu/chapt3/topic_practice_ws/build/status_display': AMENT_PREFIX_PATH=/home/ubuntu/chapt3/topic_practice_ws/install/status_interface:${AMENT_PREFIX_PATH} CMAKE_PREFIX_PATH=/home/ubuntu/chapt3/topic_practice_ws/install/status_interface:/opt/ros/jazzy/opt/gz_math_vendor:/opt/ros/jazzy/opt/gz_utils_vendor:/opt/ros/jazzy/opt/gz_cmake_vendor:/opt/ros/jazzy DEBUGINFOD_URLS=https://debuginfod.ubuntu.com LD_LIBRARY_PATH=/home/ubuntu/chapt3/topic_practice_ws/install/status_interface/lib:${LD_LIBRARY_PATH} PYTHONPATH=/home/ubuntu/chapt3/topic_practice_ws/install/status_interface/lib/python3.12/site-packages:${PYTHONPATH} /usr/bin/cmake --build /home/ubuntu/chapt3/topic_practice_ws/build/status_display -- -j16 -l16
[0.052s] [ 50%] Built target hello_qt
[0.053s] [ 75%] [32mBuilding CXX object CMakeFiles/sys_status_display.dir/src/sys_status_display.cpp.o[0m
[5.447s] [100%] [32m[1mLinking CXX executable sys_status_display[0m
[5.996s] [100%] Built target sys_status_display
[6.037s] Invoked command in '/home/ubuntu/chapt3/topic_practice_ws/build/status_display' returned '0': AMENT_PREFIX_PATH=/home/ubuntu/chapt3/topic_practice_ws/install/status_interface:${AMENT_PREFIX_PATH} CMAKE_PREFIX_PATH=/home/ubuntu/chapt3/topic_practice_ws/install/status_interface:/opt/ros/jazzy/opt/gz_math_vendor:/opt/ros/jazzy/opt/gz_utils_vendor:/opt/ros/jazzy/opt/gz_cmake_vendor:/opt/ros/jazzy DEBUGINFOD_URLS=https://debuginfod.ubuntu.com LD_LIBRARY_PATH=/home/ubuntu/chapt3/topic_practice_ws/install/status_interface/lib:${LD_LIBRARY_PATH} PYTHONPATH=/home/ubuntu/chapt3/topic_practice_ws/install/status_interface/lib/python3.12/site-packages:${PYTHONPATH} /usr/bin/cmake --build /home/ubuntu/chapt3/topic_practice_ws/build/status_display -- -j16 -l16
[6.038s] Invoking command in '/home/ubuntu/chapt3/topic_practice_ws/build/status_display': AMENT_PREFIX_PATH=/home/ubuntu/chapt3/topic_practice_ws/install/status_interface:${AMENT_PREFIX_PATH} CMAKE_PREFIX_PATH=/home/ubuntu/chapt3/topic_practice_ws/install/status_interface:/opt/ros/jazzy/opt/gz_math_vendor:/opt/ros/jazzy/opt/gz_utils_vendor:/opt/ros/jazzy/opt/gz_cmake_vendor:/opt/ros/jazzy DEBUGINFOD_URLS=https://debuginfod.ubuntu.com LD_LIBRARY_PATH=/home/ubuntu/chapt3/topic_practice_ws/install/status_interface/lib:${LD_LIBRARY_PATH} PYTHONPATH=/home/ubuntu/chapt3/topic_practice_ws/install/status_interface/lib/python3.12/site-packages:${PYTHONPATH} /usr/bin/cmake --install /home/ubuntu/chapt3/topic_practice_ws/build/status_display
[6.044s] -- Install configuration: ""
[6.044s] -- Up-to-date: /home/ubuntu/chapt3/topic_practice_ws/install/status_display/lib/status_display/hello_qt
[6.044s] -- Installing: /home/ubuntu/chapt3/topic_practice_ws/install/status_display/lib/status_display/sys_status_display
[6.048s] -- Set non-toolchain portion of runtime path of "/home/ubuntu/chapt3/topic_practice_ws/install/status_display/lib/status_display/sys_status_display" to ""
[6.048s] -- Up-to-date: /home/ubuntu/chapt3/topic_practice_ws/install/status_display/share/ament_index/resource_index/package_run_dependencies/status_display
[6.048s] -- Up-to-date: /home/ubuntu/chapt3/topic_practice_ws/install/status_display/share/ament_index/resource_index/parent_prefix_path/status_display
[6.048s] -- Up-to-date: /home/ubuntu/chapt3/topic_practice_ws/install/status_display/share/status_display/environment/ament_prefix_path.sh
[6.048s] -- Up-to-date: /home/ubuntu/chapt3/topic_practice_ws/install/status_display/share/status_display/environment/ament_prefix_path.dsv
[6.048s] -- Up-to-date: /home/ubuntu/chapt3/topic_practice_ws/install/status_display/share/status_display/environment/path.sh
[6.048s] -- Up-to-date: /home/ubuntu/chapt3/topic_practice_ws/install/status_display/share/status_display/environment/path.dsv
[6.048s] -- Up-to-date: /home/ubuntu/chapt3/topic_practice_ws/install/status_display/share/status_display/local_setup.bash
[6.048s] -- Up-to-date: /home/ubuntu/chapt3/topic_practice_ws/install/status_display/share/status_display/local_setup.sh
[6.048s] -- Up-to-date: /home/ubuntu/chapt3/topic_practice_ws/install/status_display/share/status_display/local_setup.zsh
[6.049s] -- Up-to-date: /home/ubuntu/chapt3/topic_practice_ws/install/status_display/share/status_display/local_setup.dsv
[6.049s] -- Installing: /home/ubuntu/chapt3/topic_practice_ws/install/status_display/share/status_display/package.dsv
[6.049s] -- Up-to-date: /home/ubuntu/chapt3/topic_practice_ws/install/status_display/share/ament_index/resource_index/packages/status_display
[6.049s] -- Up-to-date: /home/ubuntu/chapt3/topic_practice_ws/install/status_display/share/status_display/cmake/status_displayConfig.cmake
[6.049s] -- Up-to-date: /home/ubuntu/chapt3/topic_practice_ws/install/status_display/share/status_display/cmake/status_displayConfig-version.cmake
[6.049s] -- Up-to-date: /home/ubuntu/chapt3/topic_practice_ws/install/status_display/share/status_display/package.xml
[6.051s] Invoked command in '/home/ubuntu/chapt3/topic_practice_ws/build/status_display' returned '0': AMENT_PREFIX_PATH=/home/ubuntu/chapt3/topic_practice_ws/install/status_interface:${AMENT_PREFIX_PATH} CMAKE_PREFIX_PATH=/home/ubuntu/chapt3/topic_practice_ws/install/status_interface:/opt/ros/jazzy/opt/gz_math_vendor:/opt/ros/jazzy/opt/gz_utils_vendor:/opt/ros/jazzy/opt/gz_cmake_vendor:/opt/ros/jazzy DEBUGINFOD_URLS=https://debuginfod.ubuntu.com LD_LIBRARY_PATH=/home/ubuntu/chapt3/topic_practice_ws/install/status_interface/lib:${LD_LIBRARY_PATH} PYTHONPATH=/home/ubuntu/chapt3/topic_practice_ws/install/status_interface/lib/python3.12/site-packages:${PYTHONPATH} /usr/bin/cmake --install /home/ubuntu/chapt3/topic_practice_ws/build/status_display
