[0.006s] Invoking command in '/home/ubuntu/chapt3/topic_practice_ws/build/status_display': AMENT_PREFIX_PATH=/home/ubuntu/chapt3/topic_practice_ws/install/status_interface:${AMENT_PREFIX_PATH} CMAKE_PREFIX_PATH=/home/ubuntu/chapt3/topic_practice_ws/install/status_interface:/opt/ros/jazzy/opt/gz_math_vendor:/opt/ros/jazzy/opt/gz_utils_vendor:/opt/ros/jazzy/opt/gz_cmake_vendor:/opt/ros/jazzy DEBUGINFOD_URLS=https://debuginfod.ubuntu.com LD_LIBRARY_PATH=/home/ubuntu/chapt3/topic_practice_ws/install/status_interface/lib:${LD_LIBRARY_PATH} PYTHONPATH=/home/ubuntu/chapt3/topic_practice_ws/install/status_interface/lib/python3.12/site-packages:${PYTHONPATH} /usr/bin/cmake --build /home/ubuntu/chapt3/topic_practice_ws/build/status_display -- -j16 -l16
[0.049s] [ 50%] [32mBuilding CXX object CMakeFiles/hello_qt.dir/src/hello_qt.cpp.o[0m
[0.664s] [100%] [32m[1mLinking CXX executable hello_qt[0m
[0.925s] [100%] Built target hello_qt
[0.934s] Invoked command in '/home/ubuntu/chapt3/topic_practice_ws/build/status_display' returned '0': AMENT_PREFIX_PATH=/home/ubuntu/chapt3/topic_practice_ws/install/status_interface:${AMENT_PREFIX_PATH} CMAKE_PREFIX_PATH=/home/ubuntu/chapt3/topic_practice_ws/install/status_interface:/opt/ros/jazzy/opt/gz_math_vendor:/opt/ros/jazzy/opt/gz_utils_vendor:/opt/ros/jazzy/opt/gz_cmake_vendor:/opt/ros/jazzy DEBUGINFOD_URLS=https://debuginfod.ubuntu.com LD_LIBRARY_PATH=/home/ubuntu/chapt3/topic_practice_ws/install/status_interface/lib:${LD_LIBRARY_PATH} PYTHONPATH=/home/ubuntu/chapt3/topic_practice_ws/install/status_interface/lib/python3.12/site-packages:${PYTHONPATH} /usr/bin/cmake --build /home/ubuntu/chapt3/topic_practice_ws/build/status_display -- -j16 -l16
[0.935s] Invoking command in '/home/ubuntu/chapt3/topic_practice_ws/build/status_display': AMENT_PREFIX_PATH=/home/ubuntu/chapt3/topic_practice_ws/install/status_interface:${AMENT_PREFIX_PATH} CMAKE_PREFIX_PATH=/home/ubuntu/chapt3/topic_practice_ws/install/status_interface:/opt/ros/jazzy/opt/gz_math_vendor:/opt/ros/jazzy/opt/gz_utils_vendor:/opt/ros/jazzy/opt/gz_cmake_vendor:/opt/ros/jazzy DEBUGINFOD_URLS=https://debuginfod.ubuntu.com LD_LIBRARY_PATH=/home/ubuntu/chapt3/topic_practice_ws/install/status_interface/lib:${LD_LIBRARY_PATH} PYTHONPATH=/home/ubuntu/chapt3/topic_practice_ws/install/status_interface/lib/python3.12/site-packages:${PYTHONPATH} /usr/bin/cmake --install /home/ubuntu/chapt3/topic_practice_ws/build/status_display
[0.942s] -- Install configuration: ""
[0.942s] -- Installing: /home/ubuntu/chapt3/topic_practice_ws/install/status_display/lib/status_display/hello_qt
[0.942s] -- Installing: /home/ubuntu/chapt3/topic_practice_ws/install/status_display/share/ament_index/resource_index/package_run_dependencies/status_display
[0.942s] -- Installing: /home/ubuntu/chapt3/topic_practice_ws/install/status_display/share/ament_index/resource_index/parent_prefix_path/status_display
[0.942s] -- Installing: /home/ubuntu/chapt3/topic_practice_ws/install/status_display/share/status_display/environment/ament_prefix_path.sh
[0.942s] -- Installing: /home/ubuntu/chapt3/topic_practice_ws/install/status_display/share/status_display/environment/ament_prefix_path.dsv
[0.943s] -- Installing: /home/ubuntu/chapt3/topic_practice_ws/install/status_display/share/status_display/environment/path.sh
[0.943s] -- Installing: /home/ubuntu/chapt3/topic_practice_ws/install/status_display/share/status_display/environment/path.dsv
[0.943s] -- Installing: /home/ubuntu/chapt3/topic_practice_ws/install/status_display/share/status_display/local_setup.bash
[0.943s] -- Installing: /home/ubuntu/chapt3/topic_practice_ws/install/status_display/share/status_display/local_setup.sh
[0.943s] -- Installing: /home/ubuntu/chapt3/topic_practice_ws/install/status_display/share/status_display/local_setup.zsh
[0.943s] -- Installing: /home/ubuntu/chapt3/topic_practice_ws/install/status_display/share/status_display/local_setup.dsv
[0.943s] -- Installing: /home/ubuntu/chapt3/topic_practice_ws/install/status_display/share/status_display/package.dsv
[0.943s] -- Installing: /home/ubuntu/chapt3/topic_practice_ws/install/status_display/share/ament_index/resource_index/packages/status_display
[0.943s] -- Installing: /home/ubuntu/chapt3/topic_practice_ws/install/status_display/share/status_display/cmake/status_displayConfig.cmake
[0.943s] -- Installing: /home/ubuntu/chapt3/topic_practice_ws/install/status_display/share/status_display/cmake/status_displayConfig-version.cmake
[0.944s] -- Installing: /home/ubuntu/chapt3/topic_practice_ws/install/status_display/share/status_display/package.xml
[0.945s] Invoked command in '/home/ubuntu/chapt3/topic_practice_ws/build/status_display' returned '0': AMENT_PREFIX_PATH=/home/ubuntu/chapt3/topic_practice_ws/install/status_interface:${AMENT_PREFIX_PATH} CMAKE_PREFIX_PATH=/home/ubuntu/chapt3/topic_practice_ws/install/status_interface:/opt/ros/jazzy/opt/gz_math_vendor:/opt/ros/jazzy/opt/gz_utils_vendor:/opt/ros/jazzy/opt/gz_cmake_vendor:/opt/ros/jazzy DEBUGINFOD_URLS=https://debuginfod.ubuntu.com LD_LIBRARY_PATH=/home/ubuntu/chapt3/topic_practice_ws/install/status_interface/lib:${LD_LIBRARY_PATH} PYTHONPATH=/home/ubuntu/chapt3/topic_practice_ws/install/status_interface/lib/python3.12/site-packages:${PYTHONPATH} /usr/bin/cmake --install /home/ubuntu/chapt3/topic_practice_ws/build/status_display
