[0.464s] Invoking command in '/home/ubuntu/chapt3/topic_practice_ws/src/status_publisher': AMENT_PREFIX_PATH=/home/ubuntu/chapt3/topic_practice_ws/install/status_interface:${AMENT_PREFIX_PATH} CMAKE_PREFIX_PATH=/home/ubuntu/chapt3/topic_practice_ws/install/status_interface:${CMAKE_PREFIX_PATH} DEBUGINFOD_URLS=https://debuginfod.ubuntu.com LD_LIBRARY_PATH=/home/ubuntu/chapt3/topic_practice_ws/install/status_interface/lib:${LD_LIBRARY_PATH} PYTHONPATH=/home/ubuntu/chapt3/topic_practice_ws/build/status_publisher/prefix_override:/usr/lib/python3/dist-packages/colcon_core/task/python/colcon_distutils_commands:/home/ubuntu/chapt3/topic_practice_ws/install/status_publisher/lib/python3.12/site-packages:/home/ubuntu/chapt3/topic_practice_ws/install/status_interface/lib/python3.12/site-packages:${PYTHONPATH} /usr/bin/python3 -W ignore:setup.py install is deprecated -W ignore:easy_install command is deprecated setup.py egg_info --egg-base ../../build/status_publisher build --build-base /home/ubuntu/chapt3/topic_practice_ws/build/status_publisher/build install --record /home/ubuntu/chapt3/topic_practice_ws/build/status_publisher/install.log --single-version-externally-managed install_data
[0.644s] running egg_info
[0.654s] writing ../../build/status_publisher/status_publisher.egg-info/PKG-INFO
[0.654s] writing dependency_links to ../../build/status_publisher/status_publisher.egg-info/dependency_links.txt
[0.654s] writing entry points to ../../build/status_publisher/status_publisher.egg-info/entry_points.txt
[0.654s] writing requirements to ../../build/status_publisher/status_publisher.egg-info/requires.txt
[0.654s] writing top-level names to ../../build/status_publisher/status_publisher.egg-info/top_level.txt
[0.671s] reading manifest file '../../build/status_publisher/status_publisher.egg-info/SOURCES.txt'
[0.671s] adding license file 'LICENSE'
[0.671s] writing manifest file '../../build/status_publisher/status_publisher.egg-info/SOURCES.txt'
[0.671s] running build
[0.671s] running build_py
[0.671s] running install
[0.675s] running install_lib
[0.684s] running install_data
[0.684s] running install_egg_info
[0.694s] removing '/home/ubuntu/chapt3/topic_practice_ws/install/status_publisher/lib/python3.12/site-packages/status_publisher-0.0.0-py3.12.egg-info' (and everything under it)
[0.694s] Copying ../../build/status_publisher/status_publisher.egg-info to /home/ubuntu/chapt3/topic_practice_ws/install/status_publisher/lib/python3.12/site-packages/status_publisher-0.0.0-py3.12.egg-info
[0.694s] running install_scripts
[0.765s] Installing status_pub_node script to /home/ubuntu/chapt3/topic_practice_ws/install/status_publisher/lib/status_publisher
[0.765s] writing list of installed files to '/home/ubuntu/chapt3/topic_practice_ws/build/status_publisher/install.log'
