[0.406s] Invoking command in '/home/ubuntu/chapt3/topic_ws/src/demo_python_topic': DEBUGINFOD_URLS=https://debuginfod.ubuntu.com PYTHONPATH=/home/ubuntu/chapt3/topic_ws/build/demo_python_topic/prefix_override:/usr/lib/python3/dist-packages/colcon_core/task/python/colcon_distutils_commands:/home/ubuntu/chapt3/topic_ws/install/demo_python_topic/lib/python3.12/site-packages:${PYTHONPATH} /usr/bin/python3 -W ignore:setup.py install is deprecated -W ignore:easy_install command is deprecated setup.py egg_info --egg-base ../../build/demo_python_topic build --build-base /home/ubuntu/chapt3/topic_ws/build/demo_python_topic/build install --record /home/ubuntu/chapt3/topic_ws/build/demo_python_topic/install.log --single-version-externally-managed install_data
[0.559s] running egg_info
[0.568s] writing ../../build/demo_python_topic/demo_python_topic.egg-info/PKG-INFO
[0.568s] writing dependency_links to ../../build/demo_python_topic/demo_python_topic.egg-info/dependency_links.txt
[0.568s] writing entry points to ../../build/demo_python_topic/demo_python_topic.egg-info/entry_points.txt
[0.568s] writing requirements to ../../build/demo_python_topic/demo_python_topic.egg-info/requires.txt
[0.568s] writing top-level names to ../../build/demo_python_topic/demo_python_topic.egg-info/top_level.txt
[0.585s] reading manifest file '../../build/demo_python_topic/demo_python_topic.egg-info/SOURCES.txt'
[0.585s] adding license file 'LICENSE'
[0.585s] writing manifest file '../../build/demo_python_topic/demo_python_topic.egg-info/SOURCES.txt'
[0.585s] running build
[0.585s] running build_py
[0.585s] copying demo_python_topic/demo_python_pub.py -> /home/ubuntu/chapt3/topic_ws/build/demo_python_topic/build/lib/demo_python_topic
[0.585s] running install
[0.589s] running install_lib
[0.597s] copying /home/ubuntu/chapt3/topic_ws/build/demo_python_topic/build/lib/demo_python_topic/demo_python_pub.py -> /home/ubuntu/chapt3/topic_ws/install/demo_python_topic/lib/python3.12/site-packages/demo_python_topic
[0.597s] byte-compiling /home/ubuntu/chapt3/topic_ws/install/demo_python_topic/lib/python3.12/site-packages/demo_python_topic/demo_python_pub.py to demo_python_pub.cpython-312.pyc
[0.598s] running install_data
[0.598s] running install_egg_info
[0.607s] removing '/home/ubuntu/chapt3/topic_ws/install/demo_python_topic/lib/python3.12/site-packages/demo_python_topic-0.0.0-py3.12.egg-info' (and everything under it)
[0.607s] Copying ../../build/demo_python_topic/demo_python_topic.egg-info to /home/ubuntu/chapt3/topic_ws/install/demo_python_topic/lib/python3.12/site-packages/demo_python_topic-0.0.0-py3.12.egg-info
[0.607s] running install_scripts
[0.673s] Installing novel_pub_node script to /home/ubuntu/chapt3/topic_ws/install/demo_python_topic/lib/demo_python_topic
[0.673s] writing list of installed files to '/home/ubuntu/chapt3/topic_ws/build/demo_python_topic/install.log'
[0.687s] Invoked command in '/home/ubuntu/chapt3/topic_ws/src/demo_python_topic' returned '0': DEBUGINFOD_URLS=https://debuginfod.ubuntu.com PYTHONPATH=/home/ubuntu/chapt3/topic_ws/build/demo_python_topic/prefix_override:/usr/lib/python3/dist-packages/colcon_core/task/python/colcon_distutils_commands:/home/ubuntu/chapt3/topic_ws/install/demo_python_topic/lib/python3.12/site-packages:${PYTHONPATH} /usr/bin/python3 -W ignore:setup.py install is deprecated -W ignore:easy_install command is deprecated setup.py egg_info --egg-base ../../build/demo_python_topic build --build-base /home/ubuntu/chapt3/topic_ws/build/demo_python_topic/build install --record /home/ubuntu/chapt3/topic_ws/build/demo_python_topic/install.log --single-version-externally-managed install_data
