[0.424s] Invoking command in '/home/ubuntu/chapt3/topic_practice_ws/src/status_publisher': DEBUGINFOD_URLS=https://debuginfod.ubuntu.com PYTHONPATH=/home/ubuntu/chapt3/topic_practice_ws/build/status_publisher/prefix_override:/usr/lib/python3/dist-packages/colcon_core/task/python/colcon_distutils_commands:/home/ubuntu/chapt3/topic_practice_ws/install/status_publisher/lib/python3.12/site-packages:/home/ubuntu/chapt3/topic_practice_ws/install/status_interface/lib/python3.12/site-packages:/home/ubuntu/chapt3/topic_practice_ws/install/status_publisher/lib/python3.12/site-packages:/opt/ros/jazzy/lib/python3.12/site-packages /usr/bin/python3 -W ignore:setup.py install is deprecated -W ignore:easy_install command is deprecated setup.py egg_info --egg-base ../../build/status_publisher build --build-base /home/ubuntu/chapt3/topic_practice_ws/build/status_publisher/build install --record /home/ubuntu/chapt3/topic_practice_ws/build/status_publisher/install.log --single-version-externally-managed install_data
[0.561s] running egg_info
[0.569s] writing ../../build/status_publisher/status_publisher.egg-info/PKG-INFO
[0.570s] writing dependency_links to ../../build/status_publisher/status_publisher.egg-info/dependency_links.txt
[0.570s] writing entry points to ../../build/status_publisher/status_publisher.egg-info/entry_points.txt
[0.570s] writing requirements to ../../build/status_publisher/status_publisher.egg-info/requires.txt
[0.570s] writing top-level names to ../../build/status_publisher/status_publisher.egg-info/top_level.txt
[0.587s] reading manifest file '../../build/status_publisher/status_publisher.egg-info/SOURCES.txt'
[0.587s] adding license file 'LICENSE'
[0.587s] writing manifest file '../../build/status_publisher/status_publisher.egg-info/SOURCES.txt'
[0.587s] running build
[0.587s] running build_py
[0.587s] copying status_publisher/system_status_pub.py -> /home/ubuntu/chapt3/topic_practice_ws/build/status_publisher/build/lib/status_publisher
[0.587s] running install
[0.591s] running install_lib
[0.599s] copying /home/ubuntu/chapt3/topic_practice_ws/build/status_publisher/build/lib/status_publisher/system_status_pub.py -> /home/ubuntu/chapt3/topic_practice_ws/install/status_publisher/lib/python3.12/site-packages/status_publisher
[0.600s] byte-compiling /home/ubuntu/chapt3/topic_practice_ws/install/status_publisher/lib/python3.12/site-packages/status_publisher/system_status_pub.py to system_status_pub.cpython-312.pyc
[0.600s] running install_data
[0.600s] running install_egg_info
[0.611s] removing '/home/ubuntu/chapt3/topic_practice_ws/install/status_publisher/lib/python3.12/site-packages/status_publisher-0.0.0-py3.12.egg-info' (and everything under it)
[0.611s] Copying ../../build/status_publisher/status_publisher.egg-info to /home/ubuntu/chapt3/topic_practice_ws/install/status_publisher/lib/python3.12/site-packages/status_publisher-0.0.0-py3.12.egg-info
[0.612s] running install_scripts
[0.674s] Installing status_pub_node script to /home/ubuntu/chapt3/topic_practice_ws/install/status_publisher/lib/status_publisher
[0.674s] writing list of installed files to '/home/ubuntu/chapt3/topic_practice_ws/build/status_publisher/install.log'
[0.690s] Invoked command in '/home/ubuntu/chapt3/topic_practice_ws/src/status_publisher' returned '0': DEBUGINFOD_URLS=https://debuginfod.ubuntu.com PYTHONPATH=/home/ubuntu/chapt3/topic_practice_ws/build/status_publisher/prefix_override:/usr/lib/python3/dist-packages/colcon_core/task/python/colcon_distutils_commands:/home/ubuntu/chapt3/topic_practice_ws/install/status_publisher/lib/python3.12/site-packages:/home/ubuntu/chapt3/topic_practice_ws/install/status_interface/lib/python3.12/site-packages:/home/ubuntu/chapt3/topic_practice_ws/install/status_publisher/lib/python3.12/site-packages:/opt/ros/jazzy/lib/python3.12/site-packages /usr/bin/python3 -W ignore:setup.py install is deprecated -W ignore:easy_install command is deprecated setup.py egg_info --egg-base ../../build/status_publisher build --build-base /home/ubuntu/chapt3/topic_practice_ws/build/status_publisher/build install --record /home/ubuntu/chapt3/topic_practice_ws/build/status_publisher/install.log --single-version-externally-managed install_data
