[0.433s] Invoking command in '/home/ubuntu/chapt3/topic_ws/src/demo_python_topic': DEBUGINFOD_URLS=https://debuginfod.ubuntu.com PYTHONPATH=/home/ubuntu/chapt3/topic_ws/build/demo_python_topic/prefix_override:/usr/lib/python3/dist-packages/colcon_core/task/python/colcon_distutils_commands:/home/ubuntu/chapt3/topic_ws/install/demo_python_topic/lib/python3.12/site-packages:${PYTHONPATH} /usr/bin/python3 -W ignore:setup.py install is deprecated -W ignore:easy_install command is deprecated setup.py egg_info --egg-base ../../build/demo_python_topic build --build-base /home/ubuntu/chapt3/topic_ws/build/demo_python_topic/build install --record /home/ubuntu/chapt3/topic_ws/build/demo_python_topic/install.log --single-version-externally-managed install_data
[0.567s] running egg_info
[0.576s] writing ../../build/demo_python_topic/demo_python_topic.egg-info/PKG-INFO
[0.576s] writing dependency_links to ../../build/demo_python_topic/demo_python_topic.egg-info/dependency_links.txt
[0.577s] writing entry points to ../../build/demo_python_topic/demo_python_topic.egg-info/entry_points.txt
[0.577s] writing requirements to ../../build/demo_python_topic/demo_python_topic.egg-info/requires.txt
[0.577s] writing top-level names to ../../build/demo_python_topic/demo_python_topic.egg-info/top_level.txt
[0.594s] reading manifest file '../../build/demo_python_topic/demo_python_topic.egg-info/SOURCES.txt'
[0.594s] adding license file 'LICENSE'
[0.594s] writing manifest file '../../build/demo_python_topic/demo_python_topic.egg-info/SOURCES.txt'
[0.594s] running build
[0.594s] running build_py
[0.594s] copying demo_python_topic/demo_python_sub.py -> /home/ubuntu/chapt3/topic_ws/build/demo_python_topic/build/lib/demo_python_topic
[0.594s] running install
[0.598s] running install_lib
[0.606s] copying /home/ubuntu/chapt3/topic_ws/build/demo_python_topic/build/lib/demo_python_topic/demo_python_sub.py -> /home/ubuntu/chapt3/topic_ws/install/demo_python_topic/lib/python3.12/site-packages/demo_python_topic
[0.607s] byte-compiling /home/ubuntu/chapt3/topic_ws/install/demo_python_topic/lib/python3.12/site-packages/demo_python_topic/demo_python_sub.py to demo_python_sub.cpython-312.pyc
[0.607s] running install_data
[0.607s] running install_egg_info
[0.619s] removing '/home/ubuntu/chapt3/topic_ws/install/demo_python_topic/lib/python3.12/site-packages/demo_python_topic-0.0.0-py3.12.egg-info' (and everything under it)
[0.619s] Copying ../../build/demo_python_topic/demo_python_topic.egg-info to /home/ubuntu/chapt3/topic_ws/install/demo_python_topic/lib/python3.12/site-packages/demo_python_topic-0.0.0-py3.12.egg-info
[0.619s] running install_scripts
[0.685s] Installing novel_pub_node script to /home/ubuntu/chapt3/topic_ws/install/demo_python_topic/lib/demo_python_topic
[0.685s] Installing novel_sub_node script to /home/ubuntu/chapt3/topic_ws/install/demo_python_topic/lib/demo_python_topic
[0.685s] writing list of installed files to '/home/ubuntu/chapt3/topic_ws/build/demo_python_topic/install.log'
[0.700s] Invoked command in '/home/ubuntu/chapt3/topic_ws/src/demo_python_topic' returned '0': DEBUGINFOD_URLS=https://debuginfod.ubuntu.com PYTHONPATH=/home/ubuntu/chapt3/topic_ws/build/demo_python_topic/prefix_override:/usr/lib/python3/dist-packages/colcon_core/task/python/colcon_distutils_commands:/home/ubuntu/chapt3/topic_ws/install/demo_python_topic/lib/python3.12/site-packages:${PYTHONPATH} /usr/bin/python3 -W ignore:setup.py install is deprecated -W ignore:easy_install command is deprecated setup.py egg_info --egg-base ../../build/demo_python_topic build --build-base /home/ubuntu/chapt3/topic_ws/build/demo_python_topic/build install --record /home/ubuntu/chapt3/topic_ws/build/demo_python_topic/install.log --single-version-externally-managed install_data
