[0.629s] Invoking command in '/home/ubuntu/chapt3/topic_practice_ws/src/status_publisher': AMENT_PREFIX_PATH=/home/ubuntu/chapt3/topic_practice_ws/install/status_interface:${AMENT_PREFIX_PATH} CMAKE_PREFIX_PATH=/home/ubuntu/chapt3/topic_practice_ws/install/status_interface:${CMAKE_PREFIX_PATH} DEBUGINFOD_URLS=https://debuginfod.ubuntu.com LD_LIBRARY_PATH=/home/ubuntu/chapt3/topic_practice_ws/install/status_interface/lib:${LD_LIBRARY_PATH} PYTHONPATH=/home/ubuntu/chapt3/topic_practice_ws/build/status_publisher/prefix_override:/usr/lib/python3/dist-packages/colcon_core/task/python/colcon_distutils_commands:/home/ubuntu/chapt3/topic_practice_ws/install/status_publisher/lib/python3.12/site-packages:/home/ubuntu/chapt3/topic_practice_ws/install/status_interface/lib/python3.12/site-packages:${PYTHONPATH} /usr/bin/python3 -W ignore:setup.py install is deprecated -W ignore:easy_install command is deprecated setup.py egg_info --egg-base ../../build/status_publisher build --build-base /home/ubuntu/chapt3/topic_practice_ws/build/status_publisher/build install --record /home/ubuntu/chapt3/topic_practice_ws/build/status_publisher/install.log --single-version-externally-managed install_data
[0.768s] running egg_info
[0.768s] creating ../../build/status_publisher/status_publisher.egg-info
[0.783s] writing ../../build/status_publisher/status_publisher.egg-info/PKG-INFO
[0.783s] writing dependency_links to ../../build/status_publisher/status_publisher.egg-info/dependency_links.txt
[0.783s] writing entry points to ../../build/status_publisher/status_publisher.egg-info/entry_points.txt
[0.783s] writing requirements to ../../build/status_publisher/status_publisher.egg-info/requires.txt
[0.783s] writing top-level names to ../../build/status_publisher/status_publisher.egg-info/top_level.txt
[0.784s] writing manifest file '../../build/status_publisher/status_publisher.egg-info/SOURCES.txt'
[0.801s] reading manifest file '../../build/status_publisher/status_publisher.egg-info/SOURCES.txt'
[0.801s] adding license file 'LICENSE'
[0.801s] writing manifest file '../../build/status_publisher/status_publisher.egg-info/SOURCES.txt'
[0.801s] running build
[0.801s] running build_py
[0.802s] creating /home/ubuntu/chapt3/topic_practice_ws/build/status_publisher/build
[0.802s] creating /home/ubuntu/chapt3/topic_practice_ws/build/status_publisher/build/lib
[0.802s] creating /home/ubuntu/chapt3/topic_practice_ws/build/status_publisher/build/lib/status_publisher
[0.802s] copying status_publisher/system_status_pub.py -> /home/ubuntu/chapt3/topic_practice_ws/build/status_publisher/build/lib/status_publisher
[0.802s] copying status_publisher/__init__.py -> /home/ubuntu/chapt3/topic_practice_ws/build/status_publisher/build/lib/status_publisher
[0.802s] running install
[0.805s] running install_lib
[0.813s] creating /home/ubuntu/chapt3/topic_practice_ws/install/status_publisher/lib/python3.12/site-packages/status_publisher
[0.813s] copying /home/ubuntu/chapt3/topic_practice_ws/build/status_publisher/build/lib/status_publisher/system_status_pub.py -> /home/ubuntu/chapt3/topic_practice_ws/install/status_publisher/lib/python3.12/site-packages/status_publisher
[0.813s] copying /home/ubuntu/chapt3/topic_practice_ws/build/status_publisher/build/lib/status_publisher/__init__.py -> /home/ubuntu/chapt3/topic_practice_ws/install/status_publisher/lib/python3.12/site-packages/status_publisher
[0.814s] byte-compiling /home/ubuntu/chapt3/topic_practice_ws/install/status_publisher/lib/python3.12/site-packages/status_publisher/system_status_pub.py to system_status_pub.cpython-312.pyc
[0.814s] byte-compiling /home/ubuntu/chapt3/topic_practice_ws/install/status_publisher/lib/python3.12/site-packages/status_publisher/__init__.py to __init__.cpython-312.pyc
[0.814s] running install_data
[0.814s] creating /home/ubuntu/chapt3/topic_practice_ws/install/status_publisher/share/ament_index
[0.814s] creating /home/ubuntu/chapt3/topic_practice_ws/install/status_publisher/share/ament_index/resource_index
[0.814s] creating /home/ubuntu/chapt3/topic_practice_ws/install/status_publisher/share/ament_index/resource_index/packages
[0.814s] copying resource/status_publisher -> /home/ubuntu/chapt3/topic_practice_ws/install/status_publisher/share/ament_index/resource_index/packages
[0.815s] copying package.xml -> /home/ubuntu/chapt3/topic_practice_ws/install/status_publisher/share/status_publisher
[0.815s] running install_egg_info
[0.823s] Copying ../../build/status_publisher/status_publisher.egg-info to /home/ubuntu/chapt3/topic_practice_ws/install/status_publisher/lib/python3.12/site-packages/status_publisher-0.0.0-py3.12.egg-info
[0.823s] running install_scripts
[0.891s] Installing status_pub_node script to /home/ubuntu/chapt3/topic_practice_ws/install/status_publisher/lib/status_publisher
[0.891s] writing list of installed files to '/home/ubuntu/chapt3/topic_practice_ws/build/status_publisher/install.log'
[0.908s] Invoked command in '/home/ubuntu/chapt3/topic_practice_ws/src/status_publisher' returned '0': AMENT_PREFIX_PATH=/home/ubuntu/chapt3/topic_practice_ws/install/status_interface:${AMENT_PREFIX_PATH} CMAKE_PREFIX_PATH=/home/ubuntu/chapt3/topic_practice_ws/install/status_interface:${CMAKE_PREFIX_PATH} DEBUGINFOD_URLS=https://debuginfod.ubuntu.com LD_LIBRARY_PATH=/home/ubuntu/chapt3/topic_practice_ws/install/status_interface/lib:${LD_LIBRARY_PATH} PYTHONPATH=/home/ubuntu/chapt3/topic_practice_ws/build/status_publisher/prefix_override:/usr/lib/python3/dist-packages/colcon_core/task/python/colcon_distutils_commands:/home/ubuntu/chapt3/topic_practice_ws/install/status_publisher/lib/python3.12/site-packages:/home/ubuntu/chapt3/topic_practice_ws/install/status_interface/lib/python3.12/site-packages:${PYTHONPATH} /usr/bin/python3 -W ignore:setup.py install is deprecated -W ignore:easy_install command is deprecated setup.py egg_info --egg-base ../../build/status_publisher build --build-base /home/ubuntu/chapt3/topic_practice_ws/build/status_publisher/build install --record /home/ubuntu/chapt3/topic_practice_ws/build/status_publisher/install.log --single-version-externally-managed install_data
